{"/home/travis/build/npmtest/node-npmtest-minimatch/test.js":{"path":"/home/travis/build/npmtest/node-npmtest-minimatch/test.js","s":{"1":2,"2":2,"3":2,"4":2,"5":2,"6":2,"7":2,"8":1,"9":2,"10":2,"11":1,"12":1,"13":1,"14":1,"15":2,"16":2,"17":2,"18":2,"19":1,"20":1,"21":2,"22":2,"23":2,"24":1,"25":1,"26":1,"27":1,"28":1,"29":1,"30":1,"31":1,"32":1,"33":1,"34":1,"35":1,"36":1,"37":1,"38":1,"39":2,"40":2,"41":1,"42":2,"43":2,"44":1,"45":2,"46":2,"47":1,"48":2,"49":2,"50":1,"51":1,"52":1,"53":1,"54":1},"b":{"1":[2,1,1,1],"2":[1,1,1,1],"3":[1,1],"4":[1,1],"5":[1,1],"6":[1,1],"7":[1,1],"8":[1,1],"9":[1,1],"10":[1,1,1],"11":[1,1],"12":[1,1],"13":[1,1],"14":[1,1],"15":[1,1],"16":[1,1],"17":[1,1]},"f":{"1":2,"2":2,"3":2,"4":2,"5":2,"6":1,"7":1,"8":1,"9":2,"10":2,"11":2,"12":2,"13":1},"fnMap":{"1":{"name":"(anonymous_1)","line":12,"loc":{"start":{"line":12,"column":1},"end":{"line":12,"column":13}}},"2":{"name":"(anonymous_2)","line":19,"loc":{"start":{"line":19,"column":5},"end":{"line":19,"column":17}}},"3":{"name":"(anonymous_3)","line":23,"loc":{"start":{"line":23,"column":24},"end":{"line":23,"column":36}}},"4":{"name":"(anonymous_4)","line":61,"loc":{"start":{"line":61,"column":5},"end":{"line":61,"column":17}}},"5":{"name":"(anonymous_5)","line":82,"loc":{"start":{"line":82,"column":5},"end":{"line":82,"column":17}}},"6":{"name":"(anonymous_6)","line":91,"loc":{"start":{"line":91,"column":77},"end":{"line":94,"column":10}}},"7":{"name":"(anonymous_7)","line":112,"loc":{"start":{"line":112,"column":83},"end":{"line":115,"column":10}},"skip":true},"8":{"name":"(anonymous_8)","line":123,"loc":{"start":{"line":123,"column":77},"end":{"line":126,"column":10}},"skip":true},"9":{"name":"(anonymous_9)","line":139,"loc":{"start":{"line":139,"column":12},"end":{"line":139,"column":40}},"skip":true},"10":{"name":"(anonymous_10)","line":147,"loc":{"start":{"line":147,"column":77},"end":{"line":150,"column":10}},"skip":true},"11":{"name":"(anonymous_11)","line":158,"loc":{"start":{"line":158,"column":83},"end":{"line":161,"column":10}},"skip":true},"12":{"name":"(anonymous_12)","line":169,"loc":{"start":{"line":169,"column":79},"end":{"line":172,"column":10}},"skip":true},"13":{"name":"(anonymous_13)","line":180,"loc":{"start":{"line":180,"column":75},"end":{"line":183,"column":10}},"skip":true}},"statementMap":{"1":{"start":{"line":12,"column":0},"end":{"line":195,"column":5}},"2":{"start":{"line":14,"column":4},"end":{"line":14,"column":14}},"3":{"start":{"line":19,"column":4},"end":{"line":56,"column":9}},"4":{"start":{"line":21,"column":8},"end":{"line":21,"column":19}},"5":{"start":{"line":23,"column":8},"end":{"line":35,"column":13}},"6":{"start":{"line":24,"column":12},"end":{"line":34,"column":13}},"7":{"start":{"line":25,"column":16},"end":{"line":28,"column":30}},"8":{"start":{"line":30,"column":16},"end":{"line":33,"column":27}},"9":{"start":{"line":37,"column":8},"end":{"line":39,"column":21}},"10":{"start":{"line":40,"column":8},"end":{"line":53,"column":9}},"11":{"start":{"line":43,"column":12},"end":{"line":46,"column":14}},"12":{"start":{"line":47,"column":12},"end":{"line":47,"column":18}},"13":{"start":{"line":50,"column":12},"end":{"line":51,"column":33}},"14":{"start":{"line":52,"column":12},"end":{"line":52,"column":18}},"15":{"start":{"line":55,"column":8},"end":{"line":55,"column":35}},"16":{"start":{"line":61,"column":4},"end":{"line":63,"column":9}},"17":{"start":{"line":62,"column":8},"end":{"line":62,"column":15}},"18":{"start":{"line":64,"column":4},"end":{"line":77,"column":5}},"19":{"start":{"line":70,"column":8},"end":{"line":70,"column":14}},"20":{"start":{"line":76,"column":8},"end":{"line":76,"column":14}},"21":{"start":{"line":82,"column":4},"end":{"line":84,"column":9}},"22":{"start":{"line":83,"column":8},"end":{"line":83,"column":15}},"23":{"start":{"line":85,"column":4},"end":{"line":194,"column":5}},"24":{"start":{"line":91,"column":8},"end":{"line":99,"column":10}},"25":{"start":{"line":98,"column":12},"end":{"line":98,"column":35}},"26":{"start":{"line":102,"column":8},"end":{"line":104,"column":63}},"27":{"start":{"line":105,"column":8},"end":{"line":105,"column":14}},"28":{"start":{"line":112,"column":8},"end":{"line":121,"column":10},"skip":true},"29":{"start":{"line":119,"column":12},"end":{"line":119,"column":55},"skip":true},"30":{"start":{"line":120,"column":12},"end":{"line":120,"column":48},"skip":true},"31":{"start":{"line":123,"column":8},"end":{"line":136,"column":10},"skip":true},"32":{"start":{"line":130,"column":12},"end":{"line":130,"column":76},"skip":true},"33":{"start":{"line":131,"column":12},"end":{"line":131,"column":73},"skip":true},"34":{"start":{"line":132,"column":12},"end":{"line":132,"column":74},"skip":true},"35":{"start":{"line":133,"column":12},"end":{"line":133,"column":79},"skip":true},"36":{"start":{"line":134,"column":12},"end":{"line":134,"column":25},"skip":true},"37":{"start":{"line":135,"column":12},"end":{"line":135,"column":45},"skip":true},"38":{"start":{"line":138,"column":8},"end":{"line":145,"column":14},"skip":true},"39":{"start":{"line":143,"column":16},"end":{"line":143,"column":29},"skip":true},"40":{"start":{"line":144,"column":16},"end":{"line":144,"column":55},"skip":true},"41":{"start":{"line":147,"column":8},"end":{"line":156,"column":10},"skip":true},"42":{"start":{"line":154,"column":12},"end":{"line":154,"column":25},"skip":true},"43":{"start":{"line":155,"column":12},"end":{"line":155,"column":45},"skip":true},"44":{"start":{"line":158,"column":8},"end":{"line":167,"column":10},"skip":true},"45":{"start":{"line":165,"column":12},"end":{"line":165,"column":25},"skip":true},"46":{"start":{"line":166,"column":12},"end":{"line":166,"column":48},"skip":true},"47":{"start":{"line":169,"column":8},"end":{"line":178,"column":10},"skip":true},"48":{"start":{"line":176,"column":12},"end":{"line":176,"column":25},"skip":true},"49":{"start":{"line":177,"column":12},"end":{"line":177,"column":46},"skip":true},"50":{"start":{"line":180,"column":8},"end":{"line":189,"column":10},"skip":true},"51":{"start":{"line":187,"column":12},"end":{"line":187,"column":94},"skip":true},"52":{"start":{"line":188,"column":12},"end":{"line":188,"column":48},"skip":true},"53":{"start":{"line":192,"column":8},"end":{"line":192,"column":35},"skip":true},"54":{"start":{"line":193,"column":8},"end":{"line":193,"column":14},"skip":true}},"branchMap":{"1":{"line":25,"type":"binary-expr","locations":[{"start":{"line":25,"column":23},"end":{"line":25,"column":62}},{"start":{"line":26,"column":20},"end":{"line":26,"column":70}},{"start":{"line":27,"column":20},"end":{"line":27,"column":71}},{"start":{"line":28,"column":20},"end":{"line":28,"column":29}}]},"2":{"line":30,"type":"binary-expr","locations":[{"start":{"line":30,"column":23},"end":{"line":30,"column":37}},{"start":{"line":31,"column":20},"end":{"line":31,"column":61}},{"start":{"line":32,"column":20},"end":{"line":32,"column":70}},{"start":{"line":33,"column":20},"end":{"line":33,"column":26}}]},"3":{"line":37,"type":"cond-expr","locations":[{"start":{"line":38,"column":14},"end":{"line":38,"column":20}},{"start":{"line":39,"column":14},"end":{"line":39,"column":20}}]},"4":{"line":40,"type":"switch","locations":[{"start":{"line":42,"column":8},"end":{"line":47,"column":18}},{"start":{"line":49,"column":8},"end":{"line":52,"column":18}}]},"5":{"line":44,"type":"binary-expr","locations":[{"start":{"line":44,"column":16},"end":{"line":44,"column":44}},{"start":{"line":44,"column":48},"end":{"line":44,"column":66}}]},"6":{"line":50,"type":"binary-expr","locations":[{"start":{"line":50,"column":21},"end":{"line":50,"column":49}},{"start":{"line":50,"column":53},"end":{"line":50,"column":72}}]},"7":{"line":64,"type":"switch","locations":[{"start":{"line":69,"column":4},"end":{"line":70,"column":14}},{"start":{"line":75,"column":4},"end":{"line":76,"column":14}}]},"8":{"line":85,"type":"switch","locations":[{"start":{"line":90,"column":4},"end":{"line":105,"column":14}},{"start":{"line":111,"column":4},"end":{"line":193,"column":14},"skip":true}]},"9":{"line":91,"type":"binary-expr","locations":[{"start":{"line":91,"column":42},"end":{"line":91,"column":73}},{"start":{"line":91,"column":77},"end":{"line":99,"column":9}}]},"10":{"line":102,"type":"binary-expr","locations":[{"start":{"line":102,"column":18},"end":{"line":102,"column":32}},{"start":{"line":103,"column":12},"end":{"line":103,"column":53}},{"start":{"line":104,"column":12},"end":{"line":104,"column":61}}]},"11":{"line":112,"type":"binary-expr","locations":[{"start":{"line":112,"column":45},"end":{"line":112,"column":79},"skip":true},{"start":{"line":112,"column":83},"end":{"line":121,"column":9},"skip":true}]},"12":{"line":123,"type":"binary-expr","locations":[{"start":{"line":123,"column":42},"end":{"line":123,"column":73},"skip":true},{"start":{"line":123,"column":77},"end":{"line":136,"column":9},"skip":true}]},"13":{"line":138,"type":"binary-expr","locations":[{"start":{"line":138,"column":48},"end":{"line":138,"column":85},"skip":true},{"start":{"line":139,"column":12},"end":{"line":145,"column":13},"skip":true}]},"14":{"line":147,"type":"binary-expr","locations":[{"start":{"line":147,"column":42},"end":{"line":147,"column":73},"skip":true},{"start":{"line":147,"column":77},"end":{"line":156,"column":9},"skip":true}]},"15":{"line":158,"type":"binary-expr","locations":[{"start":{"line":158,"column":45},"end":{"line":158,"column":79},"skip":true},{"start":{"line":158,"column":83},"end":{"line":167,"column":9},"skip":true}]},"16":{"line":169,"type":"binary-expr","locations":[{"start":{"line":169,"column":43},"end":{"line":169,"column":75},"skip":true},{"start":{"line":169,"column":79},"end":{"line":178,"column":9},"skip":true}]},"17":{"line":180,"type":"binary-expr","locations":[{"start":{"line":180,"column":41},"end":{"line":180,"column":71},"skip":true},{"start":{"line":180,"column":75},"end":{"line":189,"column":9},"skip":true}]}},"code":["/* istanbul instrument in package npmtest_minimatch */","/*jslint","    bitwise: true,","    browser: true,","    maxerr: 8,","    maxlen: 96,","    node: true,","    nomen: true,","    regexp: true,","    stupid: true","*/","(function () {","    'use strict';","    var local;","","","","    // run shared js-env code - pre-init","    (function () {","        // init local","        local = {};","        // init modeJs","        local.modeJs = (function () {","            try {","                return typeof navigator.userAgent === 'string' &&","                    typeof document.querySelector('body') === 'object' &&","                    typeof XMLHttpRequest.prototype.open === 'function' &&","                    'browser';","            } catch (errorCaughtBrowser) {","                return module.exports &&","                    typeof process.versions.node === 'string' &&","                    typeof require('http').createServer === 'function' &&","                    'node';","            }","        }());","        // init global","        local.global = local.modeJs === 'browser'","            ? window","            : global;","        switch (local.modeJs) {","        // re-init local from window.local","        case 'browser':","            local = local.global.utility2.objectSetDefault(","                local.global.utility2_rollup || local.global.local,","                local.global.utility2","            );","            break;","        // re-init local from example.js","        case 'node':","            local = (local.global.utility2_rollup || require('utility2'))","                .requireReadme();","            break;","        }","        // export local","        local.global.local = local;","    }());","","","","    // run shared js-env code - function","    (function () {","        return;","    }());","    switch (local.modeJs) {","","","","    // run browser js-env code - function","    case 'browser':","        break;","","","","    // run node js-env code - function","    case 'node':","        break;","    }","","","","    // run shared js-env code - post-init","    (function () {","        return;","    }());","    switch (local.modeJs) {","","","","    // run browser js-env code - post-init","    case 'browser':","        local.testCase_browser_nullCase = local.testCase_browser_nullCase || function (","            options,","            onError","        ) {","        /*","         * this function will test browsers's null-case handling-behavior-behavior","         */","            onError(null, options);","        };","","        // run tests","        local.nop(local.modeTest &&","            document.querySelector('#testRunButton1') &&","            document.querySelector('#testRunButton1').click());","        break;","","","","    // run node js-env code - post-init","    /* istanbul ignore next */","    case 'node':","        local.testCase_buildApidoc_default = local.testCase_buildApidoc_default || function (","            options,","            onError","        ) {","        /*","         * this function will test buildApidoc's default handling-behavior-behavior","         */","            options = { modulePathList: module.paths };","            local.buildApidoc(options, onError);","        };","","        local.testCase_buildApp_default = local.testCase_buildApp_default || function (","            options,","            onError","        ) {","        /*","         * this function will test buildApp's default handling-behavior-behavior","         */","            local.testCase_buildReadme_default(options, local.onErrorThrow);","            local.testCase_buildLib_default(options, local.onErrorThrow);","            local.testCase_buildTest_default(options, local.onErrorThrow);","            local.testCase_buildCustomOrg_default(options, local.onErrorThrow);","            options = [];","            local.buildApp(options, onError);","        };","","        local.testCase_buildCustomOrg_default = local.testCase_buildCustomOrg_default ||","            function (options, onError) {","            /*","             * this function will test buildCustomOrg's default handling-behavior","             */","                options = {};","                local.buildCustomOrg(options, onError);","            };","","        local.testCase_buildLib_default = local.testCase_buildLib_default || function (","            options,","            onError","        ) {","        /*","         * this function will test buildLib's default handling-behavior","         */","            options = {};","            local.buildLib(options, onError);","        };","","        local.testCase_buildReadme_default = local.testCase_buildReadme_default || function (","            options,","            onError","        ) {","        /*","         * this function will test buildReadme's default handling-behavior-behavior","         */","            options = {};","            local.buildReadme(options, onError);","        };","","        local.testCase_buildTest_default = local.testCase_buildTest_default || function (","            options,","            onError","        ) {","        /*","         * this function will test buildTest's default handling-behavior","         */","            options = {};","            local.buildTest(options, onError);","        };","","        local.testCase_webpage_default = local.testCase_webpage_default || function (","            options,","            onError","        ) {","        /*","         * this function will test webpage's default handling-behavior","         */","            options = { modeCoverageMerge: true, url: local.serverLocalHost + '?modeTest=1' };","            local.browserTest(options, onError);","        };","","        // run test-server","        local.testRunServer(local);","        break;","    }","}());",""],"l":{"12":2,"14":2,"19":2,"21":2,"23":2,"24":2,"25":2,"30":1,"37":2,"40":2,"43":1,"47":1,"50":1,"52":1,"55":2,"61":2,"62":2,"64":2,"70":1,"76":1,"82":2,"83":2,"85":2,"91":1,"98":1,"102":1,"105":1,"112":1,"119":1,"120":1,"123":1,"130":1,"131":1,"132":1,"133":1,"134":1,"135":1,"138":1,"143":2,"144":2,"147":1,"154":2,"155":2,"158":1,"165":2,"166":2,"169":1,"176":2,"177":2,"180":1,"187":1,"188":1,"192":1,"193":1}},"/home/travis/build/npmtest/node-npmtest-minimatch/lib.npmtest_minimatch.js":{"path":"/home/travis/build/npmtest/node-npmtest-minimatch/lib.npmtest_minimatch.js","s":{"1":2,"2":2,"3":2,"4":2,"5":2,"6":2,"7":2,"8":1,"9":2,"10":2,"11":2,"12":2,"13":1,"14":1,"15":1,"16":1},"b":{"1":[2,1,1,1],"2":[1,1,1,1],"3":[1,1],"4":[2,2],"5":[1,1]},"f":{"1":2,"2":2,"3":2},"fnMap":{"1":{"name":"(anonymous_1)","line":12,"loc":{"start":{"line":12,"column":1},"end":{"line":12,"column":13}}},"2":{"name":"(anonymous_2)","line":19,"loc":{"start":{"line":19,"column":5},"end":{"line":19,"column":17}}},"3":{"name":"(anonymous_3)","line":23,"loc":{"start":{"line":23,"column":24},"end":{"line":23,"column":36}}}},"statementMap":{"1":{"start":{"line":12,"column":0},"end":{"line":53,"column":5}},"2":{"start":{"line":14,"column":4},"end":{"line":14,"column":14}},"3":{"start":{"line":19,"column":4},"end":{"line":52,"column":9}},"4":{"start":{"line":21,"column":8},"end":{"line":21,"column":19}},"5":{"start":{"line":23,"column":8},"end":{"line":35,"column":13}},"6":{"start":{"line":24,"column":12},"end":{"line":34,"column":13}},"7":{"start":{"line":25,"column":16},"end":{"line":28,"column":30}},"8":{"start":{"line":30,"column":16},"end":{"line":33,"column":27}},"9":{"start":{"line":37,"column":8},"end":{"line":39,"column":21}},"10":{"start":{"line":41,"column":8},"end":{"line":41,"column":54}},"11":{"start":{"line":43,"column":8},"end":{"line":43,"column":54}},"12":{"start":{"line":45,"column":8},"end":{"line":51,"column":9}},"13":{"start":{"line":46,"column":12},"end":{"line":46,"column":60}},"14":{"start":{"line":48,"column":12},"end":{"line":48,"column":35}},"15":{"start":{"line":49,"column":12},"end":{"line":49,"column":49}},"16":{"start":{"line":50,"column":12},"end":{"line":50,"column":43}}},"branchMap":{"1":{"line":25,"type":"binary-expr","locations":[{"start":{"line":25,"column":23},"end":{"line":25,"column":62}},{"start":{"line":26,"column":20},"end":{"line":26,"column":70}},{"start":{"line":27,"column":20},"end":{"line":27,"column":71}},{"start":{"line":28,"column":20},"end":{"line":28,"column":29}}]},"2":{"line":30,"type":"binary-expr","locations":[{"start":{"line":30,"column":23},"end":{"line":30,"column":37}},{"start":{"line":31,"column":20},"end":{"line":31,"column":61}},{"start":{"line":32,"column":20},"end":{"line":32,"column":70}},{"start":{"line":33,"column":20},"end":{"line":33,"column":26}}]},"3":{"line":37,"type":"cond-expr","locations":[{"start":{"line":38,"column":14},"end":{"line":38,"column":20}},{"start":{"line":39,"column":14},"end":{"line":39,"column":20}}]},"4":{"line":41,"type":"binary-expr","locations":[{"start":{"line":41,"column":16},"end":{"line":41,"column":44}},{"start":{"line":41,"column":48},"end":{"line":41,"column":53}}]},"5":{"line":45,"type":"if","locations":[{"start":{"line":45,"column":8},"end":{"line":45,"column":8}},{"start":{"line":45,"column":8},"end":{"line":45,"column":8}}]}},"code":["/* istanbul instrument in package npmtest_minimatch */","/*jslint","    bitwise: true,","    browser: true,","    maxerr: 8,","    maxlen: 96,","    node: true,","    nomen: true,","    regexp: true,","    stupid: true","*/","(function () {","    'use strict';","    var local;","","","","    // run shared js-env code - pre-init","    (function () {","        // init local","        local = {};","        // init modeJs","        local.modeJs = (function () {","            try {","                return typeof navigator.userAgent === 'string' &&","                    typeof document.querySelector('body') === 'object' &&","                    typeof XMLHttpRequest.prototype.open === 'function' &&","                    'browser';","            } catch (errorCaughtBrowser) {","                return module.exports &&","                    typeof process.versions.node === 'string' &&","                    typeof require('http').createServer === 'function' &&","                    'node';","            }","        }());","        // init global","        local.global = local.modeJs === 'browser'","            ? window","            : global;","        // init utility2_rollup","        local = local.global.utility2_rollup || local;","        // init lib","        local.local = local.npmtest_minimatch = local;","        // init exports","        if (local.modeJs === 'browser') {","            local.global.utility2_npmtest_minimatch = local;","        } else {","            module.exports = local;","            module.exports.__dirname = __dirname;","            module.exports.module = module;","        }","    }());","}());",""],"l":{"12":2,"14":2,"19":2,"21":2,"23":2,"24":2,"25":2,"30":1,"37":2,"41":2,"43":2,"45":2,"46":1,"48":1,"49":1,"50":1}},"/home/travis/build/npmtest/node-npmtest-minimatch/example.js":{"path":"/home/travis/build/npmtest/node-npmtest-minimatch/example.js","s":{"1":2,"2":2,"3":2,"4":2,"5":2,"6":2,"7":2,"8":1,"9":2,"10":2,"11":2,"12":2,"13":1,"14":2,"15":2,"16":2,"17":2,"18":2,"19":0,"20":2,"21":1,"22":1,"23":1,"24":1,"25":1,"26":0,"27":0,"28":1,"29":1,"30":2,"31":0,"32":0,"33":0,"34":1,"35":2,"36":2,"37":3,"38":3,"39":3,"40":3,"41":0,"42":3,"43":3,"44":3,"45":1,"46":3,"47":1,"48":1,"49":1,"50":1,"51":1,"52":1,"53":1,"54":1,"55":1,"56":1,"57":0,"58":1,"59":6,"60":6,"61":1,"62":2,"63":0,"64":2,"65":1,"66":1,"67":0,"68":0,"69":0,"70":0,"71":0,"72":0,"73":0,"74":0,"75":0,"76":0,"77":0,"78":0,"79":0,"80":0,"81":0,"82":0,"83":0},"b":{"1":[2,1,1,1],"2":[1,1,1,1],"3":[1,1],"4":[2,2],"5":[1,1],"6":[1,1],"7":[2,0],"8":[2,1,1,1,1,1],"9":[0,2,0],"10":[1,1],"11":[2,1,1],"12":[1,0],"13":[0,2],"14":[2,0,0,0,0,0,0],"15":[0,3],"16":[3,0],"17":[1,1],"18":[0,1],"19":[1,2,0,2],"20":[1,0],"21":[1,1],"22":[0,0],"23":[0,0],"24":[0,0],"25":[0,0],"26":[0,0],"27":[0,0],"28":[0,0]},"f":{"1":2,"2":2,"3":2,"4":2,"5":2,"6":2,"7":3,"8":3,"9":3,"10":1,"11":6,"12":0},"fnMap":{"1":{"name":"(anonymous_1)","line":26,"loc":{"start":{"line":26,"column":1},"end":{"line":26,"column":13}}},"2":{"name":"(anonymous_2)","line":33,"loc":{"start":{"line":33,"column":5},"end":{"line":33,"column":17}}},"3":{"name":"(anonymous_3)","line":37,"loc":{"start":{"line":37,"column":24},"end":{"line":37,"column":36}}},"4":{"name":"(anonymous_4)","line":69,"loc":{"start":{"line":69,"column":31},"end":{"line":69,"column":48}},"skip":true},"5":{"name":"(anonymous_5)","line":78,"loc":{"start":{"line":78,"column":26},"end":{"line":78,"column":45}},"skip":true},"6":{"name":"(anonymous_6)","line":123,"loc":{"start":{"line":123,"column":33},"end":{"line":123,"column":48}},"skip":true},"7":{"name":"(anonymous_7)","line":125,"loc":{"start":{"line":125,"column":27},"end":{"line":125,"column":39}},"skip":true},"8":{"name":"(anonymous_8)","line":133,"loc":{"start":{"line":133,"column":59},"end":{"line":133,"column":74}},"skip":true},"9":{"name":"(anonymous_9)","line":143,"loc":{"start":{"line":143,"column":45},"end":{"line":143,"column":62}},"skip":true},"10":{"name":"(anonymous_10)","line":144,"loc":{"start":{"line":144,"column":73},"end":{"line":144,"column":92}},"skip":true},"11":{"name":"(anonymous_11)","line":272,"loc":{"start":{"line":272,"column":51},"end":{"line":272,"column":77}},"skip":true},"12":{"name":"(anonymous_12)","line":315,"loc":{"start":{"line":315,"column":32},"end":{"line":315,"column":61}},"skip":true}},"statementMap":{"1":{"start":{"line":26,"column":0},"end":{"line":326,"column":5}},"2":{"start":{"line":28,"column":4},"end":{"line":28,"column":14}},"3":{"start":{"line":33,"column":4},"end":{"line":60,"column":9}},"4":{"start":{"line":35,"column":8},"end":{"line":35,"column":19}},"5":{"start":{"line":37,"column":8},"end":{"line":49,"column":13}},"6":{"start":{"line":38,"column":12},"end":{"line":48,"column":13}},"7":{"start":{"line":39,"column":16},"end":{"line":42,"column":30}},"8":{"start":{"line":44,"column":16},"end":{"line":47,"column":27}},"9":{"start":{"line":51,"column":8},"end":{"line":53,"column":21}},"10":{"start":{"line":55,"column":8},"end":{"line":57,"column":45}},"11":{"start":{"line":59,"column":8},"end":{"line":59,"column":35}},"12":{"start":{"line":61,"column":4},"end":{"line":325,"column":5}},"13":{"start":{"line":69,"column":8},"end":{"line":121,"column":10},"skip":true},"14":{"start":{"line":70,"column":12},"end":{"line":88,"column":13},"skip":true},"15":{"start":{"line":76,"column":16},"end":{"line":87,"column":19},"skip":true},"16":{"start":{"line":79,"column":20},"end":{"line":86,"column":21},"skip":true},"17":{"start":{"line":82,"column":24},"end":{"line":82,"column":43},"skip":true},"18":{"start":{"line":83,"column":24},"end":{"line":83,"column":30},"skip":true},"19":{"start":{"line":85,"column":24},"end":{"line":85,"column":49},"skip":true},"20":{"start":{"line":89,"column":12},"end":{"line":107,"column":13},"skip":true},"21":{"start":{"line":92,"column":16},"end":{"line":102,"column":17},"skip":true},"22":{"start":{"line":93,"column":20},"end":{"line":93,"column":86},"skip":true},"23":{"start":{"line":94,"column":20},"end":{"line":95,"column":45},"skip":true},"24":{"start":{"line":96,"column":20},"end":{"line":96,"column":42},"skip":true},"25":{"start":{"line":97,"column":20},"end":{"line":97,"column":48},"skip":true},"26":{"start":{"line":100,"column":20},"end":{"line":100,"column":85},"skip":true},"27":{"start":{"line":101,"column":20},"end":{"line":101,"column":96},"skip":true},"28":{"start":{"line":103,"column":16},"end":{"line":103,"column":22},"skip":true},"29":{"start":{"line":106,"column":16},"end":{"line":106,"column":22},"skip":true},"30":{"start":{"line":108,"column":12},"end":{"line":120,"column":13},"skip":true},"31":{"start":{"line":114,"column":16},"end":{"line":119,"column":17},"skip":true},"32":{"start":{"line":116,"column":20},"end":{"line":116,"column":78},"skip":true},"33":{"start":{"line":118,"column":20},"end":{"line":118,"column":47},"skip":true},"34":{"start":{"line":123,"column":8},"end":{"line":141,"column":11},"skip":true},"35":{"start":{"line":124,"column":12},"end":{"line":124,"column":54},"skip":true},"36":{"start":{"line":125,"column":12},"end":{"line":140,"column":14},"skip":true},"37":{"start":{"line":126,"column":16},"end":{"line":126,"column":28},"skip":true},"38":{"start":{"line":127,"column":16},"end":{"line":127,"column":69},"skip":true},"39":{"start":{"line":128,"column":16},"end":{"line":128,"column":75},"skip":true},"40":{"start":{"line":129,"column":16},"end":{"line":131,"column":17},"skip":true},"41":{"start":{"line":130,"column":20},"end":{"line":130,"column":27},"skip":true},"42":{"start":{"line":133,"column":16},"end":{"line":137,"column":36},"skip":true},"43":{"start":{"line":134,"column":20},"end":{"line":136,"column":55},"skip":true},"44":{"start":{"line":139,"column":16},"end":{"line":139,"column":57},"skip":true},"45":{"start":{"line":143,"column":8},"end":{"line":147,"column":11},"skip":true},"46":{"start":{"line":144,"column":12},"end":{"line":146,"column":15},"skip":true},"47":{"start":{"line":145,"column":16},"end":{"line":145,"column":70},"skip":true},"48":{"start":{"line":149,"column":8},"end":{"line":149,"column":31},"skip":true},"49":{"start":{"line":150,"column":8},"end":{"line":150,"column":14},"skip":true},"50":{"start":{"line":158,"column":8},"end":{"line":158,"column":31},"skip":true},"51":{"start":{"line":160,"column":8},"end":{"line":160,"column":33},"skip":true},"52":{"start":{"line":161,"column":8},"end":{"line":161,"column":37},"skip":true},"53":{"start":{"line":162,"column":8},"end":{"line":162,"column":35},"skip":true},"54":{"start":{"line":164,"column":8},"end":{"line":164,"column":50},"skip":true},"55":{"start":{"line":166,"column":8},"end":{"line":256,"column":2},"skip":true},"56":{"start":{"line":258,"column":8},"end":{"line":286,"column":9},"skip":true},"57":{"start":{"line":259,"column":12},"end":{"line":269,"column":14},"skip":true},"58":{"start":{"line":271,"column":12},"end":{"line":285,"column":19},"skip":true},"59":{"start":{"line":274,"column":20},"end":{"line":274,"column":35},"skip":true},"60":{"start":{"line":275,"column":20},"end":{"line":284,"column":21},"skip":true},"61":{"start":{"line":277,"column":24},"end":{"line":277,"column":64},"skip":true},"62":{"start":{"line":279,"column":24},"end":{"line":279,"column":40},"skip":true},"63":{"start":{"line":281,"column":24},"end":{"line":281,"column":40},"skip":true},"64":{"start":{"line":283,"column":24},"end":{"line":283,"column":39},"skip":true},"65":{"start":{"line":288,"column":8},"end":{"line":290,"column":9},"skip":true},"66":{"start":{"line":289,"column":12},"end":{"line":289,"column":18},"skip":true},"67":{"start":{"line":291,"column":8},"end":{"line":293,"column":54},"skip":true},"68":{"start":{"line":296,"column":8},"end":{"line":301,"column":37},"skip":true},"69":{"start":{"line":303,"column":8},"end":{"line":303,"column":82},"skip":true},"70":{"start":{"line":306,"column":8},"end":{"line":308,"column":9},"skip":true},"71":{"start":{"line":307,"column":12},"end":{"line":307,"column":82},"skip":true},"72":{"start":{"line":310,"column":8},"end":{"line":312,"column":9},"skip":true},"73":{"start":{"line":311,"column":12},"end":{"line":311,"column":18},"skip":true},"74":{"start":{"line":313,"column":8},"end":{"line":313,"column":54},"skip":true},"75":{"start":{"line":314,"column":8},"end":{"line":314,"column":69},"skip":true},"76":{"start":{"line":315,"column":8},"end":{"line":323,"column":36},"skip":true},"77":{"start":{"line":316,"column":12},"end":{"line":316,"column":61},"skip":true},"78":{"start":{"line":317,"column":12},"end":{"line":320,"column":13},"skip":true},"79":{"start":{"line":318,"column":16},"end":{"line":318,"column":75},"skip":true},"80":{"start":{"line":319,"column":16},"end":{"line":319,"column":23},"skip":true},"81":{"start":{"line":321,"column":12},"end":{"line":321,"column":38},"skip":true},"82":{"start":{"line":322,"column":12},"end":{"line":322,"column":27},"skip":true},"83":{"start":{"line":324,"column":8},"end":{"line":324,"column":14},"skip":true}},"branchMap":{"1":{"line":39,"type":"binary-expr","locations":[{"start":{"line":39,"column":23},"end":{"line":39,"column":62}},{"start":{"line":40,"column":20},"end":{"line":40,"column":70}},{"start":{"line":41,"column":20},"end":{"line":41,"column":71}},{"start":{"line":42,"column":20},"end":{"line":42,"column":29}}]},"2":{"line":44,"type":"binary-expr","locations":[{"start":{"line":44,"column":23},"end":{"line":44,"column":37}},{"start":{"line":45,"column":20},"end":{"line":45,"column":61}},{"start":{"line":46,"column":20},"end":{"line":46,"column":70}},{"start":{"line":47,"column":20},"end":{"line":47,"column":26}}]},"3":{"line":51,"type":"cond-expr","locations":[{"start":{"line":52,"column":14},"end":{"line":52,"column":20}},{"start":{"line":53,"column":14},"end":{"line":53,"column":20}}]},"4":{"line":55,"type":"binary-expr","locations":[{"start":{"line":55,"column":16},"end":{"line":55,"column":44}},{"start":{"line":55,"column":49},"end":{"line":57,"column":43}}]},"5":{"line":55,"type":"cond-expr","locations":[{"start":{"line":56,"column":14},"end":{"line":56,"column":53}},{"start":{"line":57,"column":14},"end":{"line":57,"column":43}}]},"6":{"line":61,"type":"switch","locations":[{"start":{"line":68,"column":4},"end":{"line":150,"column":14},"skip":true},{"start":{"line":156,"column":4},"end":{"line":324,"column":14},"skip":true}]},"7":{"line":70,"type":"if","locations":[{"start":{"line":70,"column":12},"end":{"line":70,"column":12},"skip":true},{"start":{"line":70,"column":12},"end":{"line":70,"column":12},"skip":true}]},"8":{"line":70,"type":"binary-expr","locations":[{"start":{"line":70,"column":16},"end":{"line":70,"column":22},"skip":true},{"start":{"line":70,"column":27},"end":{"line":70,"column":32},"skip":true},{"start":{"line":71,"column":20},"end":{"line":71,"column":39},"skip":true},{"start":{"line":72,"column":20},"end":{"line":72,"column":49},"skip":true},{"start":{"line":73,"column":20},"end":{"line":73,"column":58},"skip":true},{"start":{"line":74,"column":20},"end":{"line":74,"column":69},"skip":true}]},"9":{"line":79,"type":"switch","locations":[{"start":{"line":80,"column":20},"end":{"line":80,"column":33},"skip":true},{"start":{"line":81,"column":20},"end":{"line":83,"column":30},"skip":true},{"start":{"line":84,"column":20},"end":{"line":85,"column":49},"skip":true}]},"10":{"line":89,"type":"switch","locations":[{"start":{"line":90,"column":12},"end":{"line":103,"column":22},"skip":true},{"start":{"line":105,"column":12},"end":{"line":106,"column":22},"skip":true}]},"11":{"line":89,"type":"binary-expr","locations":[{"start":{"line":89,"column":20},"end":{"line":89,"column":25},"skip":true},{"start":{"line":89,"column":29},"end":{"line":89,"column":48},"skip":true},{"start":{"line":89,"column":52},"end":{"line":89,"column":74},"skip":true}]},"12":{"line":92,"type":"if","locations":[{"start":{"line":92,"column":16},"end":{"line":92,"column":16},"skip":true},{"start":{"line":92,"column":16},"end":{"line":92,"column":16},"skip":true}]},"13":{"line":108,"type":"if","locations":[{"start":{"line":108,"column":12},"end":{"line":108,"column":12},"skip":true},{"start":{"line":108,"column":12},"end":{"line":108,"column":12},"skip":true}]},"14":{"line":108,"type":"binary-expr","locations":[{"start":{"line":108,"column":16},"end":{"line":108,"column":61},"skip":true},{"start":{"line":108,"column":66},"end":{"line":108,"column":72},"skip":true},{"start":{"line":108,"column":77},"end":{"line":108,"column":82},"skip":true},{"start":{"line":109,"column":20},"end":{"line":109,"column":39},"skip":true},{"start":{"line":110,"column":20},"end":{"line":110,"column":49},"skip":true},{"start":{"line":111,"column":20},"end":{"line":111,"column":58},"skip":true},{"start":{"line":112,"column":20},"end":{"line":112,"column":68},"skip":true}]},"15":{"line":129,"type":"if","locations":[{"start":{"line":129,"column":16},"end":{"line":129,"column":16},"skip":true},{"start":{"line":129,"column":16},"end":{"line":129,"column":16},"skip":true}]},"16":{"line":134,"type":"cond-expr","locations":[{"start":{"line":135,"column":26},"end":{"line":135,"column":29},"skip":true},{"start":{"line":136,"column":26},"end":{"line":136,"column":54},"skip":true}]},"17":{"line":164,"type":"binary-expr","locations":[{"start":{"line":164,"column":27},"end":{"line":164,"column":43},"skip":true},{"start":{"line":164,"column":47},"end":{"line":164,"column":49},"skip":true}]},"18":{"line":258,"type":"if","locations":[{"start":{"line":258,"column":8},"end":{"line":258,"column":8},"skip":true},{"start":{"line":258,"column":8},"end":{"line":258,"column":8},"skip":true}]},"19":{"line":275,"type":"switch","locations":[{"start":{"line":276,"column":20},"end":{"line":277,"column":64},"skip":true},{"start":{"line":278,"column":20},"end":{"line":279,"column":40},"skip":true},{"start":{"line":280,"column":20},"end":{"line":281,"column":40},"skip":true},{"start":{"line":282,"column":20},"end":{"line":283,"column":39},"skip":true}]},"20":{"line":288,"type":"if","locations":[{"start":{"line":288,"column":8},"end":{"line":288,"column":8},"skip":true},{"start":{"line":288,"column":8},"end":{"line":288,"column":8},"skip":true}]},"21":{"line":288,"type":"binary-expr","locations":[{"start":{"line":288,"column":12},"end":{"line":288,"column":40},"skip":true},{"start":{"line":288,"column":44},"end":{"line":288,"column":67},"skip":true}]},"22":{"line":292,"type":"binary-expr","locations":[{"start":{"line":292,"column":12},"end":{"line":292,"column":50},"skip":true},{"start":{"line":293,"column":12},"end":{"line":293,"column":53},"skip":true}]},"23":{"line":297,"type":"binary-expr","locations":[{"start":{"line":297,"column":12},"end":{"line":297,"column":67},"skip":true},{"start":{"line":298,"column":12},"end":{"line":301,"column":36},"skip":true}]},"24":{"line":303,"type":"binary-expr","locations":[{"start":{"line":303,"column":43},"end":{"line":303,"column":75},"skip":true},{"start":{"line":303,"column":79},"end":{"line":303,"column":81},"skip":true}]},"25":{"line":306,"type":"if","locations":[{"start":{"line":306,"column":8},"end":{"line":306,"column":8},"skip":true},{"start":{"line":306,"column":8},"end":{"line":306,"column":8},"skip":true}]},"26":{"line":310,"type":"if","locations":[{"start":{"line":310,"column":8},"end":{"line":310,"column":8},"skip":true},{"start":{"line":310,"column":8},"end":{"line":310,"column":8},"skip":true}]},"27":{"line":313,"type":"binary-expr","locations":[{"start":{"line":313,"column":27},"end":{"line":313,"column":43},"skip":true},{"start":{"line":313,"column":47},"end":{"line":313,"column":53},"skip":true}]},"28":{"line":317,"type":"if","locations":[{"start":{"line":317,"column":12},"end":{"line":317,"column":12},"skip":true},{"start":{"line":317,"column":12},"end":{"line":317,"column":12},"skip":true}]}},"code":["/*","example.js","","quickstart example","","instruction","    1. save this script as example.js","    2. run the shell command:","        $ npm install npmtest-minimatch && PORT=8081 node example.js","    3. play with the browser-demo on http://127.0.0.1:8081","*/","","","","/* istanbul instrument in package npmtest_minimatch */","/*jslint","    bitwise: true,","    browser: true,","    maxerr: 8,","    maxlen: 96,","    node: true,","    nomen: true,","    regexp: true,","    stupid: true","*/","(function () {","    'use strict';","    var local;","","","","    // run shared js-env code - pre-init","    (function () {","        // init local","        local = {};","        // init modeJs","        local.modeJs = (function () {","            try {","                return typeof navigator.userAgent === 'string' &&","                    typeof document.querySelector('body') === 'object' &&","                    typeof XMLHttpRequest.prototype.open === 'function' &&","                    'browser';","            } catch (errorCaughtBrowser) {","                return module.exports &&","                    typeof process.versions.node === 'string' &&","                    typeof require('http').createServer === 'function' &&","                    'node';","            }","        }());","        // init global","        local.global = local.modeJs === 'browser'","            ? window","            : global;","        // init utility2_rollup","        local = local.global.utility2_rollup || (local.modeJs === 'browser'","            ? local.global.utility2_npmtest_minimatch","            : global.utility2_moduleExports);","        // export local","        local.global.local = local;","    }());","    switch (local.modeJs) {","","","","    // post-init","    // run browser js-env code - post-init","    /* istanbul ignore next */","    case 'browser':","        local.testRunBrowser = function (event) {","            if (!event || (event &&","                    event.currentTarget &&","                    event.currentTarget.className &&","                    event.currentTarget.className.includes &&","                    event.currentTarget.className.includes('onreset'))) {","                // reset output","                Array.from(","                    document.querySelectorAll('body > .resettable')","                ).forEach(function (element) {","                    switch (element.tagName) {","                    case 'INPUT':","                    case 'TEXTAREA':","                        element.value = '';","                        break;","                    default:","                        element.textContent = '';","                    }","                });","            }","            switch (event && event.currentTarget && event.currentTarget.id) {","            case 'testRunButton1':","                // show tests","                if (document.querySelector('#testReportDiv1').style.display === 'none') {","                    document.querySelector('#testReportDiv1').style.display = 'block';","                    document.querySelector('#testRunButton1').textContent =","                        'hide internal test';","                    local.modeTest = true;","                    local.testRunDefault(local);","                // hide tests","                } else {","                    document.querySelector('#testReportDiv1').style.display = 'none';","                    document.querySelector('#testRunButton1').textContent = 'run internal test';","                }","                break;","            // custom-case","            default:","                break;","            }","            if (document.querySelector('#inputTextareaEval1') && (!event || (event &&","                    event.currentTarget &&","                    event.currentTarget.className &&","                    event.currentTarget.className.includes &&","                    event.currentTarget.className.includes('oneval')))) {","                // try to eval input-code","                try {","                    /*jslint evil: true*/","                    eval(document.querySelector('#inputTextareaEval1').value);","                } catch (errorCaught) {","                    console.error(errorCaught);","                }","            }","        };","        // log stderr and stdout to #outputTextareaStdout1","        ['error', 'log'].forEach(function (key) {","            console[key + '_original'] = console[key];","            console[key] = function () {","                var element;","                console[key + '_original'].apply(console, arguments);","                element = document.querySelector('#outputTextareaStdout1');","                if (!element) {","                    return;","                }","                // append text to #outputTextareaStdout1","                element.value += Array.from(arguments).map(function (arg) {","                    return typeof arg === 'string'","                        ? arg","                        : JSON.stringify(arg, null, 4);","                }).join(' ') + '\\n';","                // scroll textarea to bottom","                element.scrollTop = element.scrollHeight;","            };","        });","        // init event-handling","        ['change', 'click', 'keyup'].forEach(function (event) {","            Array.from(document.querySelectorAll('.on' + event)).forEach(function (element) {","                element.addEventListener(event, local.testRunBrowser);","            });","        });","        // run tests","        local.testRunBrowser();","        break;","","","","    // run node js-env code - post-init","    /* istanbul ignore next */","    case 'node':","        // export local","        module.exports = local;","        // require modules","        local.fs = require('fs');","        local.http = require('http');","        local.url = require('url');","        // init assets","        local.assetsDict = local.assetsDict || {};","        /* jslint-ignore-begin */","        local.assetsDict['/assets.index.template.html'] = '\\","<!doctype html>\\n\\","<html lang=\"en\">\\n\\","<head>\\n\\","<meta charset=\"UTF-8\">\\n\\","<meta name=\"viewport\" content=\"width=device-width, initial-scale=1\">\\n\\","<title>{{env.npm_package_name}} (v{{env.npm_package_version}})</title>\\n\\","<style>\\n\\","/*csslint\\n\\","    box-sizing: false,\\n\\","    universal-selector: false\\n\\","*/\\n\\","* {\\n\\","    box-sizing: border-box;\\n\\","}\\n\\","body {\\n\\","    background: #dde;\\n\\","    font-family: Arial, Helvetica, sans-serif;\\n\\","    margin: 2rem;\\n\\","}\\n\\","body > * {\\n\\","    margin-bottom: 1rem;\\n\\","}\\n\\",".utility2FooterDiv {\\n\\","    margin-top: 20px;\\n\\","    text-align: center;\\n\\","}\\n\\","</style>\\n\\","<style>\\n\\","/*csslint\\n\\","*/\\n\\","textarea {\\n\\","    font-family: monospace;\\n\\","    height: 10rem;\\n\\","    width: 100%;\\n\\","}\\n\\","textarea[readonly] {\\n\\","    background: #ddd;\\n\\","}\\n\\","</style>\\n\\","</head>\\n\\","<body>\\n\\","<!-- utility2-comment\\n\\","<div id=\"ajaxProgressDiv1\" style=\"background: #d00; height: 2px; left: 0; margin: 0; padding: 0; position: fixed; top: 0; transition: background 0.5s, width 1.5s; width: 25%;\"></div>\\n\\","utility2-comment -->\\n\\","<h1>\\n\\","<!-- utility2-comment\\n\\","    <a\\n\\","        {{#if env.npm_package_homepage}}\\n\\","        href=\"{{env.npm_package_homepage}}\"\\n\\","        {{/if env.npm_package_homepage}}\\n\\","        target=\"_blank\"\\n\\","    >\\n\\","utility2-comment -->\\n\\","        {{env.npm_package_name}} (v{{env.npm_package_version}})\\n\\","<!-- utility2-comment\\n\\","    </a>\\n\\","utility2-comment -->\\n\\","</h1>\\n\\","<h3>{{env.npm_package_description}}</h3>\\n\\","<!-- utility2-comment\\n\\","<h4><a download href=\"assets.app.js\">download standalone app</a></h4>\\n\\","<button class=\"onclick onreset\" id=\"testRunButton1\">run internal test</button><br>\\n\\","<div id=\"testReportDiv1\" style=\"display: none;\"></div>\\n\\","utility2-comment -->\\n\\","\\n\\","\\n\\","\\n\\","<label>stderr and stdout</label>\\n\\","<textarea class=\"resettable\" id=\"outputTextareaStdout1\" readonly></textarea>\\n\\","<!-- utility2-comment\\n\\","{{#if isRollup}}\\n\\","<script src=\"assets.app.js\"></script>\\n\\","{{#unless isRollup}}\\n\\","utility2-comment -->\\n\\","<script src=\"assets.utility2.rollup.js\"></script>\\n\\","<script src=\"jsonp.utility2._stateInit?callback=window.utility2._stateInit\"></script>\\n\\","<script src=\"assets.npmtest_minimatch.rollup.js\"></script>\\n\\","<script src=\"assets.example.js\"></script>\\n\\","<script src=\"assets.test.js\"></script>\\n\\","<!-- utility2-comment\\n\\","{{/if isRollup}}\\n\\","utility2-comment -->\\n\\","<div class=\"utility2FooterDiv\">\\n\\","    [ this app was created with\\n\\","    <a href=\"https://github.com/kaizhu256/node-utility2\" target=\"_blank\">utility2</a>\\n\\","    ]\\n\\","</div>\\n\\","</body>\\n\\","</html>\\n\\","';","        /* jslint-ignore-end */","        if (local.templateRender) {","            local.assetsDict['/'] = local.templateRender(","                local.assetsDict['/assets.index.template.html'],","                {","                    env: local.objectSetDefault(local.env, {","                        npm_package_description: 'the greatest app in the world!',","                        npm_package_name: 'my-app',","                        npm_package_nameAlias: 'my_app',","                        npm_package_version: '0.0.1'","                    })","                }","            );","        } else {","            local.assetsDict['/'] = local.assetsDict['/assets.index.template.html']","                .replace((/\\{\\{env\\.(\\w+?)\\}\\}/g), function (match0, match1) {","                    // jslint-hack","                    String(match0);","                    switch (match1) {","                    case 'npm_package_description':","                        return 'the greatest app in the world!';","                    case 'npm_package_name':","                        return 'my-app';","                    case 'npm_package_nameAlias':","                        return 'my_app';","                    case 'npm_package_version':","                        return '0.0.1';","                    }","                });","        }","        // run the cli","        if (local.global.utility2_rollup || module !== require.main) {","            break;","        }","        local.assetsDict['/assets.example.js'] =","            local.assetsDict['/assets.example.js'] ||","            local.fs.readFileSync(__filename, 'utf8');","        // bug-workaround - long $npm_package_buildCustomOrg","        /* jslint-ignore-begin */","        local.assetsDict['/assets.npmtest_minimatch.rollup.js'] =","            local.assetsDict['/assets.npmtest_minimatch.rollup.js'] ||","            local.fs.readFileSync(","                local.npmtest_minimatch.__dirname + '/lib.npmtest_minimatch.js',","                'utf8'","            ).replace((/^#!/), '//');","        /* jslint-ignore-end */","        local.assetsDict['/favicon.ico'] = local.assetsDict['/favicon.ico'] || '';","        // if $npm_config_timeout_exit exists,","        // then exit this process after $npm_config_timeout_exit ms","        if (Number(process.env.npm_config_timeout_exit)) {","            setTimeout(process.exit, Number(process.env.npm_config_timeout_exit));","        }","        // start server","        if (local.global.utility2_serverHttp1) {","            break;","        }","        process.env.PORT = process.env.PORT || '8081';","        console.error('server starting on port ' + process.env.PORT);","        local.http.createServer(function (request, response) {","            request.urlParsed = local.url.parse(request.url);","            if (local.assetsDict[request.urlParsed.pathname] !== undefined) {","                response.end(local.assetsDict[request.urlParsed.pathname]);","                return;","            }","            response.statusCode = 404;","            response.end();","        }).listen(process.env.PORT);","        break;","    }","}());",""],"l":{"26":2,"28":2,"33":2,"35":2,"37":2,"38":2,"39":2,"44":1,"51":2,"55":2,"59":2,"61":2,"69":1,"70":2,"76":2,"79":2,"82":2,"83":2,"85":1,"89":2,"92":1,"93":1,"94":1,"96":1,"97":1,"100":1,"101":1,"103":1,"106":1,"108":2,"114":1,"116":1,"118":1,"123":1,"124":2,"125":2,"126":3,"127":3,"128":3,"129":3,"130":1,"133":3,"134":3,"139":3,"143":1,"144":3,"145":1,"149":1,"150":1,"158":1,"160":1,"161":1,"162":1,"164":1,"166":1,"258":1,"259":1,"271":1,"274":6,"275":6,"277":1,"279":2,"281":1,"283":2,"288":1,"289":1,"291":1,"296":1,"303":1,"306":1,"307":1,"310":1,"311":1,"313":1,"314":1,"315":1,"316":1,"317":1,"318":1,"319":1,"321":1,"322":1,"324":1}},"/home/travis/build/npmtest/node-npmtest-minimatch/node_modules/minimatch/minimatch.js":{"path":"/home/travis/build/npmtest/node-npmtest-minimatch/node_modules/minimatch/minimatch.js","s":{"1":1,"2":1,"3":1,"4":1,"5":1,"6":1,"7":1,"8":1,"9":1,"10":1,"11":1,"12":1,"13":1,"14":1,"15":1,"16":14,"17":14,"18":1,"19":1,"20":1,"21":0,"22":0,"23":0,"24":1,"25":0,"26":0,"27":0,"28":0,"29":0,"30":0,"31":0,"32":0,"33":1,"34":0,"35":0,"36":0,"37":0,"38":0,"39":0,"40":0,"41":0,"42":1,"43":0,"44":0,"45":0,"46":1,"47":0,"48":0,"49":0,"50":0,"51":0,"52":0,"53":0,"54":0,"55":0,"56":1,"57":0,"58":0,"59":0,"60":0,"61":0,"62":0,"63":0,"64":0,"65":0,"66":0,"67":0,"68":0,"69":0,"70":0,"71":0,"72":0,"73":0,"74":1,"75":1,"76":1,"77":0,"78":0,"79":0,"80":0,"81":0,"82":0,"83":0,"84":0,"85":0,"86":0,"87":0,"88":0,"89":0,"90":0,"91":0,"92":0,"93":0,"94":0,"95":0,"96":0,"97":0,"98":0,"99":0,"100":0,"101":0,"102":1,"103":1,"104":0,"105":0,"106":0,"107":0,"108":0,"109":0,"110":0,"111":0,"112":0,"113":0,"114":0,"115":0,"116":1,"117":0,"118":1,"119":1,"120":0,"121":0,"122":0,"123":0,"124":0,"125":0,"126":0,"127":0,"128":0,"129":0,"130":1,"131":1,"132":1,"133":0,"134":0,"135":0,"136":0,"137":0,"138":0,"139":0,"140":0,"141":0,"142":0,"143":0,"144":0,"145":0,"146":0,"147":0,"148":0,"149":0,"150":0,"151":1,"152":0,"153":0,"154":0,"155":0,"156":0,"157":0,"158":0,"159":0,"160":0,"161":0,"162":0,"163":0,"164":0,"165":0,"166":0,"167":0,"168":0,"169":0,"170":0,"171":0,"172":0,"173":0,"174":0,"175":0,"176":0,"177":0,"178":0,"179":0,"180":0,"181":0,"182":0,"183":0,"184":0,"185":0,"186":0,"187":0,"188":0,"189":0,"190":0,"191":0,"192":0,"193":0,"194":0,"195":0,"196":0,"197":0,"198":0,"199":0,"200":0,"201":0,"202":0,"203":0,"204":0,"205":0,"206":0,"207":0,"208":0,"209":0,"210":0,"211":0,"212":0,"213":0,"214":0,"215":0,"216":0,"217":0,"218":0,"219":0,"220":0,"221":0,"222":0,"223":0,"224":0,"225":0,"226":0,"227":0,"228":0,"229":0,"230":0,"231":0,"232":0,"233":0,"234":0,"235":0,"236":0,"237":0,"238":0,"239":0,"240":0,"241":0,"242":0,"243":0,"244":0,"245":0,"246":0,"247":0,"248":0,"249":0,"250":0,"251":0,"252":0,"253":0,"254":0,"255":0,"256":0,"257":0,"258":0,"259":0,"260":0,"261":0,"262":0,"263":0,"264":0,"265":0,"266":0,"267":0,"268":0,"269":0,"270":0,"271":0,"272":0,"273":0,"274":0,"275":0,"276":0,"277":0,"278":0,"279":0,"280":0,"281":0,"282":0,"283":0,"284":0,"285":0,"286":0,"287":0,"288":0,"289":0,"290":0,"291":0,"292":0,"293":0,"294":0,"295":0,"296":0,"297":0,"298":0,"299":0,"300":0,"301":0,"302":0,"303":1,"304":0,"305":1,"306":1,"307":0,"308":0,"309":0,"310":0,"311":0,"312":0,"313":0,"314":0,"315":0,"316":0,"317":0,"318":0,"319":0,"320":0,"321":0,"322":0,"323":0,"324":0,"325":0,"326":1,"327":0,"328":0,"329":0,"330":0,"331":0,"332":0,"333":0,"334":1,"335":1,"336":0,"337":0,"338":0,"339":0,"340":0,"341":0,"342":0,"343":0,"344":0,"345":0,"346":0,"347":0,"348":0,"349":0,"350":0,"351":0,"352":0,"353":0,"354":0,"355":0,"356":0,"357":0,"358":0,"359":0,"360":0,"361":0,"362":0,"363":0,"364":0,"365":0,"366":0,"367":0,"368":0,"369":1,"370":0,"371":0,"372":0,"373":0,"374":0,"375":0,"376":0,"377":0,"378":0,"379":0,"380":0,"381":0,"382":0,"383":0,"384":0,"385":0,"386":0,"387":0,"388":0,"389":0,"390":0,"391":0,"392":0,"393":0,"394":0,"395":0,"396":0,"397":0,"398":0,"399":0,"400":0,"401":0,"402":0,"403":0,"404":0,"405":0,"406":0,"407":0,"408":0,"409":0,"410":0,"411":0,"412":0,"413":0,"414":0,"415":0,"416":0,"417":0,"418":0,"419":0,"420":0,"421":0,"422":0,"423":0,"424":1,"425":0,"426":1,"427":0},"b":{"1":[0,0],"2":[0,0],"3":[0,0],"4":[0,0],"5":[0,0],"6":[0,0],"7":[0,0],"8":[0,0],"9":[0,0],"10":[0,0],"11":[0,0],"12":[0,0],"13":[0,0],"14":[0,0],"15":[0,0],"16":[0,0],"17":[0,0],"18":[0,0],"19":[0,0],"20":[0,0],"21":[0,0],"22":[0,0],"23":[0,0],"24":[0,0],"25":[0,0],"26":[0,0],"27":[0,0],"28":[0,0],"29":[0,0],"30":[0,0],"31":[0,0],"32":[0,0],"33":[0,0],"34":[0,0],"35":[0,0],"36":[0,0],"37":[0,0],"38":[0,0,0],"39":[0,0],"40":[0,0],"41":[0,0],"42":[0,0,0,0,0,0,0,0,0,0,0,0,0],"43":[0,0],"44":[0,0],"45":[0,0],"46":[0,0],"47":[0,0],"48":[0,0],"49":[0,0],"50":[0,0],"51":[0,0],"52":[0,0],"53":[0,0],"54":[0,0,0],"55":[0,0],"56":[0,0],"57":[0,0],"58":[0,0],"59":[0,0],"60":[0,0],"61":[0,0],"62":[0,0],"63":[0,0],"64":[0,0],"65":[0,0],"66":[0,0],"67":[0,0],"68":[0,0],"69":[0,0],"70":[0,0,0],"71":[0,0],"72":[0,0],"73":[0,0],"74":[0,0],"75":[0,0],"76":[0,0],"77":[0,0],"78":[0,0],"79":[0,0],"80":[0,0],"81":[0,0],"82":[0,0],"83":[0,0],"84":[0,0],"85":[0,0],"86":[0,0],"87":[0,0],"88":[0,0],"89":[0,0],"90":[0,0],"91":[0,0],"92":[0,0],"93":[0,0],"94":[0,0],"95":[0,0],"96":[0,0],"97":[0,0],"98":[0,0],"99":[0,0],"100":[0,0],"101":[0,0],"102":[0,0],"103":[0,0],"104":[0,0],"105":[0,0],"106":[0,0],"107":[0,0],"108":[0,0,0,0],"109":[0,0],"110":[0,0],"111":[0,0,0,0],"112":[0,0],"113":[0,0],"114":[0,0],"115":[0,0],"116":[0,0],"117":[0,0],"118":[0,0],"119":[0,0],"120":[0,0],"121":[0,0]},"f":{"1":1,"2":14,"3":0,"4":0,"5":0,"6":0,"7":0,"8":0,"9":0,"10":0,"11":0,"12":0,"13":0,"14":0,"15":0,"16":0,"17":0,"18":0,"19":0,"20":0,"21":0,"22":0,"23":0,"24":0,"25":0,"26":0,"27":0,"28":0,"29":0,"30":0,"31":0,"32":0,"33":0,"34":0},"fnMap":{"1":{"name":"charSet","line":40,"loc":{"start":{"line":40,"column":0},"end":{"line":40,"column":21}}},"2":{"name":"(anonymous_2)","line":41,"loc":{"start":{"line":41,"column":28},"end":{"line":41,"column":46}}},"3":{"name":"filter","line":51,"loc":{"start":{"line":51,"column":0},"end":{"line":51,"column":35}}},"4":{"name":"(anonymous_4)","line":53,"loc":{"start":{"line":53,"column":9},"end":{"line":53,"column":31}}},"5":{"name":"ext","line":58,"loc":{"start":{"line":58,"column":0},"end":{"line":58,"column":20}}},"6":{"name":"(anonymous_6)","line":62,"loc":{"start":{"line":62,"column":25},"end":{"line":62,"column":38}}},"7":{"name":"(anonymous_7)","line":65,"loc":{"start":{"line":65,"column":25},"end":{"line":65,"column":38}}},"8":{"name":"(anonymous_8)","line":71,"loc":{"start":{"line":71,"column":21},"end":{"line":71,"column":36}}},"9":{"name":"minimatch","line":76,"loc":{"start":{"line":76,"column":10},"end":{"line":76,"column":51}}},"10":{"name":"Minimatch","line":80,"loc":{"start":{"line":80,"column":16},"end":{"line":80,"column":54}}},"11":{"name":"(anonymous_11)","line":87,"loc":{"start":{"line":87,"column":21},"end":{"line":87,"column":36}}},"12":{"name":"minimatch","line":92,"loc":{"start":{"line":92,"column":0},"end":{"line":92,"column":41}}},"13":{"name":"Minimatch","line":110,"loc":{"start":{"line":110,"column":0},"end":{"line":110,"column":38}}},"14":{"name":"(anonymous_14)","line":139,"loc":{"start":{"line":139,"column":28},"end":{"line":139,"column":40}}},"15":{"name":"make","line":142,"loc":{"start":{"line":142,"column":0},"end":{"line":142,"column":17}}},"16":{"name":"(anonymous_16)","line":174,"loc":{"start":{"line":174,"column":33},"end":{"line":174,"column":46}}},"17":{"name":"(anonymous_17)","line":181,"loc":{"start":{"line":181,"column":16},"end":{"line":181,"column":38}}},"18":{"name":"(anonymous_18)","line":188,"loc":{"start":{"line":188,"column":19},"end":{"line":188,"column":32}}},"19":{"name":"parseNegate","line":198,"loc":{"start":{"line":198,"column":0},"end":{"line":198,"column":24}}},"20":{"name":"(anonymous_20)","line":227,"loc":{"start":{"line":227,"column":24},"end":{"line":227,"column":52}}},"21":{"name":"braceExpand","line":233,"loc":{"start":{"line":233,"column":0},"end":{"line":233,"column":40}}},"22":{"name":"parse","line":271,"loc":{"start":{"line":271,"column":0},"end":{"line":271,"column":32}}},"23":{"name":"clearStateChar","line":300,"loc":{"start":{"line":300,"column":2},"end":{"line":300,"column":29}}},"24":{"name":"(anonymous_24)","line":524,"loc":{"start":{"line":524,"column":53},"end":{"line":524,"column":74}}},"25":{"name":"(anonymous_25)","line":637,"loc":{"start":{"line":637,"column":19},"end":{"line":637,"column":47}}},"26":{"name":"makeRe","line":642,"loc":{"start":{"line":642,"column":0},"end":{"line":642,"column":19}}},"27":{"name":"(anonymous_27)","line":664,"loc":{"start":{"line":664,"column":19},"end":{"line":664,"column":38}}},"28":{"name":"(anonymous_28)","line":665,"loc":{"start":{"line":665,"column":23},"end":{"line":665,"column":36}}},"29":{"name":"(anonymous_29)","line":687,"loc":{"start":{"line":687,"column":18},"end":{"line":687,"column":52}}},"30":{"name":"(anonymous_30)","line":690,"loc":{"start":{"line":690,"column":21},"end":{"line":690,"column":34}}},"31":{"name":"match","line":700,"loc":{"start":{"line":700,"column":0},"end":{"line":700,"column":28}}},"32":{"name":"(anonymous_32)","line":760,"loc":{"start":{"line":760,"column":31},"end":{"line":760,"column":65}}},"33":{"name":"globUnescape","line":917,"loc":{"start":{"line":917,"column":0},"end":{"line":917,"column":26}}},"34":{"name":"regExpEscape","line":921,"loc":{"start":{"line":921,"column":0},"end":{"line":921,"column":26}}}},"statementMap":{"1":{"start":{"line":1,"column":0},"end":{"line":1,"column":26}},"2":{"start":{"line":2,"column":0},"end":{"line":2,"column":31}},"3":{"start":{"line":4,"column":0},"end":{"line":4,"column":23}},"4":{"start":{"line":5,"column":0},"end":{"line":7,"column":15}},"5":{"start":{"line":6,"column":2},"end":{"line":6,"column":24}},"6":{"start":{"line":9,"column":0},"end":{"line":9,"column":59}},"7":{"start":{"line":10,"column":0},"end":{"line":10,"column":39}},"8":{"start":{"line":12,"column":0},"end":{"line":18,"column":1}},"9":{"start":{"line":22,"column":0},"end":{"line":22,"column":18}},"10":{"start":{"line":25,"column":0},"end":{"line":25,"column":23}},"11":{"start":{"line":30,"column":0},"end":{"line":30,"column":60}},"12":{"start":{"line":34,"column":0},"end":{"line":34,"column":45}},"13":{"start":{"line":37,"column":0},"end":{"line":37,"column":43}},"14":{"start":{"line":40,"column":0},"end":{"line":45,"column":1}},"15":{"start":{"line":41,"column":2},"end":{"line":44,"column":8}},"16":{"start":{"line":42,"column":4},"end":{"line":42,"column":17}},"17":{"start":{"line":43,"column":4},"end":{"line":43,"column":14}},"18":{"start":{"line":48,"column":0},"end":{"line":48,"column":22}},"19":{"start":{"line":50,"column":0},"end":{"line":50,"column":25}},"20":{"start":{"line":51,"column":0},"end":{"line":56,"column":1}},"21":{"start":{"line":52,"column":2},"end":{"line":52,"column":25}},"22":{"start":{"line":53,"column":2},"end":{"line":55,"column":3}},"23":{"start":{"line":54,"column":4},"end":{"line":54,"column":41}},"24":{"start":{"line":58,"column":0},"end":{"line":69,"column":1}},"25":{"start":{"line":59,"column":2},"end":{"line":59,"column":13}},"26":{"start":{"line":60,"column":2},"end":{"line":60,"column":13}},"27":{"start":{"line":61,"column":2},"end":{"line":61,"column":12}},"28":{"start":{"line":62,"column":2},"end":{"line":64,"column":4}},"29":{"start":{"line":63,"column":4},"end":{"line":63,"column":15}},"30":{"start":{"line":65,"column":2},"end":{"line":67,"column":4}},"31":{"start":{"line":66,"column":4},"end":{"line":66,"column":15}},"32":{"start":{"line":68,"column":2},"end":{"line":68,"column":10}},"33":{"start":{"line":71,"column":0},"end":{"line":85,"column":1}},"34":{"start":{"line":72,"column":2},"end":{"line":72,"column":56}},"35":{"start":{"line":72,"column":40},"end":{"line":72,"column":56}},"36":{"start":{"line":74,"column":2},"end":{"line":74,"column":22}},"37":{"start":{"line":76,"column":2},"end":{"line":78,"column":3}},"38":{"start":{"line":77,"column":4},"end":{"line":77,"column":56}},"39":{"start":{"line":80,"column":2},"end":{"line":82,"column":3}},"40":{"start":{"line":81,"column":4},"end":{"line":81,"column":57}},"41":{"start":{"line":84,"column":2},"end":{"line":84,"column":10}},"42":{"start":{"line":87,"column":0},"end":{"line":90,"column":1}},"43":{"start":{"line":88,"column":2},"end":{"line":88,"column":56}},"44":{"start":{"line":88,"column":40},"end":{"line":88,"column":56}},"45":{"start":{"line":89,"column":2},"end":{"line":89,"column":42}},"46":{"start":{"line":92,"column":0},"end":{"line":108,"column":1}},"47":{"start":{"line":93,"column":2},"end":{"line":95,"column":3}},"48":{"start":{"line":94,"column":4},"end":{"line":94,"column":55}},"49":{"start":{"line":97,"column":2},"end":{"line":97,"column":28}},"50":{"start":{"line":97,"column":16},"end":{"line":97,"column":28}},"51":{"start":{"line":100,"column":2},"end":{"line":102,"column":3}},"52":{"start":{"line":101,"column":4},"end":{"line":101,"column":16}},"53":{"start":{"line":105,"column":2},"end":{"line":105,"column":44}},"54":{"start":{"line":105,"column":29},"end":{"line":105,"column":44}},"55":{"start":{"line":107,"column":2},"end":{"line":107,"column":49}},"56":{"start":{"line":110,"column":0},"end":{"line":137,"column":1}},"57":{"start":{"line":111,"column":2},"end":{"line":113,"column":3}},"58":{"start":{"line":112,"column":4},"end":{"line":112,"column":42}},"59":{"start":{"line":115,"column":2},"end":{"line":117,"column":3}},"60":{"start":{"line":116,"column":4},"end":{"line":116,"column":55}},"61":{"start":{"line":119,"column":2},"end":{"line":119,"column":28}},"62":{"start":{"line":119,"column":16},"end":{"line":119,"column":28}},"63":{"start":{"line":120,"column":2},"end":{"line":120,"column":26}},"64":{"start":{"line":123,"column":2},"end":{"line":125,"column":3}},"65":{"start":{"line":124,"column":4},"end":{"line":124,"column":47}},"66":{"start":{"line":127,"column":2},"end":{"line":127,"column":24}},"67":{"start":{"line":128,"column":2},"end":{"line":128,"column":15}},"68":{"start":{"line":129,"column":2},"end":{"line":129,"column":24}},"69":{"start":{"line":130,"column":2},"end":{"line":130,"column":20}},"70":{"start":{"line":131,"column":2},"end":{"line":131,"column":21}},"71":{"start":{"line":132,"column":2},"end":{"line":132,"column":22}},"72":{"start":{"line":133,"column":2},"end":{"line":133,"column":20}},"73":{"start":{"line":136,"column":2},"end":{"line":136,"column":13}},"74":{"start":{"line":139,"column":0},"end":{"line":139,"column":42}},"75":{"start":{"line":141,"column":0},"end":{"line":141,"column":31}},"76":{"start":{"line":142,"column":0},"end":{"line":195,"column":1}},"77":{"start":{"line":144,"column":2},"end":{"line":144,"column":24}},"78":{"start":{"line":144,"column":18},"end":{"line":144,"column":24}},"79":{"start":{"line":146,"column":2},"end":{"line":146,"column":28}},"80":{"start":{"line":147,"column":2},"end":{"line":147,"column":28}},"81":{"start":{"line":150,"column":2},"end":{"line":153,"column":3}},"82":{"start":{"line":151,"column":4},"end":{"line":151,"column":23}},"83":{"start":{"line":152,"column":4},"end":{"line":152,"column":10}},"84":{"start":{"line":154,"column":2},"end":{"line":157,"column":3}},"85":{"start":{"line":155,"column":4},"end":{"line":155,"column":21}},"86":{"start":{"line":156,"column":4},"end":{"line":156,"column":10}},"87":{"start":{"line":160,"column":2},"end":{"line":160,"column":20}},"88":{"start":{"line":163,"column":2},"end":{"line":163,"column":45}},"89":{"start":{"line":165,"column":2},"end":{"line":165,"column":47}},"90":{"start":{"line":165,"column":21},"end":{"line":165,"column":47}},"91":{"start":{"line":167,"column":2},"end":{"line":167,"column":31}},"92":{"start":{"line":174,"column":2},"end":{"line":176,"column":4}},"93":{"start":{"line":175,"column":4},"end":{"line":175,"column":30}},"94":{"start":{"line":178,"column":2},"end":{"line":178,"column":31}},"95":{"start":{"line":181,"column":2},"end":{"line":183,"column":10}},"96":{"start":{"line":182,"column":4},"end":{"line":182,"column":34}},"97":{"start":{"line":185,"column":2},"end":{"line":185,"column":31}},"98":{"start":{"line":188,"column":2},"end":{"line":190,"column":4}},"99":{"start":{"line":189,"column":4},"end":{"line":189,"column":34}},"100":{"start":{"line":192,"column":2},"end":{"line":192,"column":31}},"101":{"start":{"line":194,"column":2},"end":{"line":194,"column":16}},"102":{"start":{"line":197,"column":0},"end":{"line":197,"column":45}},"103":{"start":{"line":198,"column":0},"end":{"line":215,"column":1}},"104":{"start":{"line":199,"column":2},"end":{"line":199,"column":28}},"105":{"start":{"line":200,"column":2},"end":{"line":200,"column":20}},"106":{"start":{"line":201,"column":2},"end":{"line":201,"column":28}},"107":{"start":{"line":202,"column":2},"end":{"line":202,"column":22}},"108":{"start":{"line":204,"column":2},"end":{"line":204,"column":30}},"109":{"start":{"line":204,"column":24},"end":{"line":204,"column":30}},"110":{"start":{"line":206,"column":2},"end":{"line":211,"column":3}},"111":{"start":{"line":209,"column":4},"end":{"line":209,"column":20}},"112":{"start":{"line":210,"column":4},"end":{"line":210,"column":18}},"113":{"start":{"line":213,"column":2},"end":{"line":213,"column":63}},"114":{"start":{"line":213,"column":20},"end":{"line":213,"column":63}},"115":{"start":{"line":214,"column":2},"end":{"line":214,"column":22}},"116":{"start":{"line":227,"column":0},"end":{"line":229,"column":1}},"117":{"start":{"line":228,"column":2},"end":{"line":228,"column":38}},"118":{"start":{"line":231,"column":0},"end":{"line":231,"column":45}},"119":{"start":{"line":233,"column":0},"end":{"line":256,"column":1}},"120":{"start":{"line":234,"column":2},"end":{"line":240,"column":3}},"121":{"start":{"line":235,"column":4},"end":{"line":239,"column":5}},"122":{"start":{"line":236,"column":6},"end":{"line":236,"column":28}},"123":{"start":{"line":238,"column":6},"end":{"line":238,"column":18}},"124":{"start":{"line":242,"column":2},"end":{"line":243,"column":28}},"125":{"start":{"line":245,"column":2},"end":{"line":247,"column":3}},"126":{"start":{"line":246,"column":4},"end":{"line":246,"column":44}},"127":{"start":{"line":249,"column":2},"end":{"line":253,"column":3}},"128":{"start":{"line":252,"column":4},"end":{"line":252,"column":20}},"129":{"start":{"line":255,"column":2},"end":{"line":255,"column":24}},"130":{"start":{"line":269,"column":0},"end":{"line":269,"column":33}},"131":{"start":{"line":270,"column":0},"end":{"line":270,"column":17}},"132":{"start":{"line":271,"column":0},"end":{"line":635,"column":1}},"133":{"start":{"line":272,"column":2},"end":{"line":274,"column":3}},"134":{"start":{"line":273,"column":4},"end":{"line":273,"column":46}},"135":{"start":{"line":276,"column":2},"end":{"line":276,"column":28}},"136":{"start":{"line":279,"column":2},"end":{"line":279,"column":62}},"137":{"start":{"line":279,"column":47},"end":{"line":279,"column":62}},"138":{"start":{"line":280,"column":2},"end":{"line":280,"column":31}},"139":{"start":{"line":280,"column":22},"end":{"line":280,"column":31}},"140":{"start":{"line":282,"column":2},"end":{"line":282,"column":13}},"141":{"start":{"line":283,"column":2},"end":{"line":283,"column":33}},"142":{"start":{"line":284,"column":2},"end":{"line":284,"column":22}},"143":{"start":{"line":286,"column":2},"end":{"line":286,"column":27}},"144":{"start":{"line":287,"column":2},"end":{"line":287,"column":24}},"145":{"start":{"line":288,"column":2},"end":{"line":288,"column":15}},"146":{"start":{"line":289,"column":2},"end":{"line":289,"column":21}},"147":{"start":{"line":290,"column":2},"end":{"line":290,"column":23}},"148":{"start":{"line":291,"column":2},"end":{"line":291,"column":21}},"149":{"start":{"line":294,"column":2},"end":{"line":297,"column":13}},"150":{"start":{"line":298,"column":2},"end":{"line":298,"column":17}},"151":{"start":{"line":300,"column":2},"end":{"line":320,"column":3}},"152":{"start":{"line":301,"column":4},"end":{"line":319,"column":5}},"153":{"start":{"line":304,"column":6},"end":{"line":316,"column":7}},"154":{"start":{"line":306,"column":10},"end":{"line":306,"column":20}},"155":{"start":{"line":307,"column":10},"end":{"line":307,"column":25}},"156":{"start":{"line":308,"column":8},"end":{"line":308,"column":13}},"157":{"start":{"line":310,"column":10},"end":{"line":310,"column":21}},"158":{"start":{"line":311,"column":10},"end":{"line":311,"column":25}},"159":{"start":{"line":312,"column":8},"end":{"line":312,"column":13}},"160":{"start":{"line":314,"column":10},"end":{"line":314,"column":32}},"161":{"start":{"line":315,"column":8},"end":{"line":315,"column":13}},"162":{"start":{"line":317,"column":6},"end":{"line":317,"column":55}},"163":{"start":{"line":318,"column":6},"end":{"line":318,"column":23}},"164":{"start":{"line":322,"column":2},"end":{"line":499,"column":3}},"165":{"start":{"line":325,"column":4},"end":{"line":325,"column":49}},"166":{"start":{"line":328,"column":4},"end":{"line":332,"column":5}},"167":{"start":{"line":329,"column":6},"end":{"line":329,"column":20}},"168":{"start":{"line":330,"column":6},"end":{"line":330,"column":22}},"169":{"start":{"line":331,"column":6},"end":{"line":331,"column":14}},"170":{"start":{"line":334,"column":4},"end":{"line":498,"column":5}},"171":{"start":{"line":338,"column":8},"end":{"line":338,"column":20}},"172":{"start":{"line":341,"column":8},"end":{"line":341,"column":24}},"173":{"start":{"line":342,"column":8},"end":{"line":342,"column":23}},"174":{"start":{"line":343,"column":6},"end":{"line":343,"column":14}},"175":{"start":{"line":352,"column":8},"end":{"line":352,"column":67}},"176":{"start":{"line":356,"column":8},"end":{"line":361,"column":9}},"177":{"start":{"line":357,"column":10},"end":{"line":357,"column":34}},"178":{"start":{"line":358,"column":10},"end":{"line":358,"column":56}},"179":{"start":{"line":358,"column":49},"end":{"line":358,"column":56}},"180":{"start":{"line":359,"column":10},"end":{"line":359,"column":17}},"181":{"start":{"line":360,"column":10},"end":{"line":360,"column":18}},"182":{"start":{"line":366,"column":8},"end":{"line":366,"column":55}},"183":{"start":{"line":367,"column":8},"end":{"line":367,"column":24}},"184":{"start":{"line":368,"column":8},"end":{"line":368,"column":21}},"185":{"start":{"line":372,"column":8},"end":{"line":372,"column":43}},"186":{"start":{"line":372,"column":27},"end":{"line":372,"column":43}},"187":{"start":{"line":373,"column":6},"end":{"line":373,"column":14}},"188":{"start":{"line":376,"column":8},"end":{"line":379,"column":9}},"189":{"start":{"line":377,"column":10},"end":{"line":377,"column":19}},"190":{"start":{"line":378,"column":10},"end":{"line":378,"column":18}},"191":{"start":{"line":381,"column":8},"end":{"line":384,"column":9}},"192":{"start":{"line":382,"column":10},"end":{"line":382,"column":21}},"193":{"start":{"line":383,"column":10},"end":{"line":383,"column":18}},"194":{"start":{"line":386,"column":8},"end":{"line":392,"column":10}},"195":{"start":{"line":394,"column":8},"end":{"line":394,"column":53}},"196":{"start":{"line":395,"column":8},"end":{"line":395,"column":49}},"197":{"start":{"line":396,"column":8},"end":{"line":396,"column":25}},"198":{"start":{"line":397,"column":6},"end":{"line":397,"column":14}},"199":{"start":{"line":400,"column":8},"end":{"line":403,"column":9}},"200":{"start":{"line":401,"column":10},"end":{"line":401,"column":21}},"201":{"start":{"line":402,"column":10},"end":{"line":402,"column":18}},"202":{"start":{"line":405,"column":8},"end":{"line":405,"column":24}},"203":{"start":{"line":406,"column":8},"end":{"line":406,"column":23}},"204":{"start":{"line":407,"column":8},"end":{"line":407,"column":39}},"205":{"start":{"line":410,"column":8},"end":{"line":410,"column":22}},"206":{"start":{"line":411,"column":8},"end":{"line":413,"column":9}},"207":{"start":{"line":412,"column":10},"end":{"line":412,"column":32}},"208":{"start":{"line":414,"column":8},"end":{"line":414,"column":28}},"209":{"start":{"line":415,"column":6},"end":{"line":415,"column":14}},"210":{"start":{"line":418,"column":8},"end":{"line":422,"column":9}},"211":{"start":{"line":419,"column":10},"end":{"line":419,"column":21}},"212":{"start":{"line":420,"column":10},"end":{"line":420,"column":26}},"213":{"start":{"line":421,"column":10},"end":{"line":421,"column":18}},"214":{"start":{"line":424,"column":8},"end":{"line":424,"column":24}},"215":{"start":{"line":425,"column":8},"end":{"line":425,"column":17}},"216":{"start":{"line":426,"column":6},"end":{"line":426,"column":14}},"217":{"start":{"line":431,"column":8},"end":{"line":431,"column":24}},"218":{"start":{"line":433,"column":8},"end":{"line":436,"column":9}},"219":{"start":{"line":434,"column":10},"end":{"line":434,"column":24}},"220":{"start":{"line":435,"column":10},"end":{"line":435,"column":18}},"221":{"start":{"line":438,"column":8},"end":{"line":438,"column":22}},"222":{"start":{"line":439,"column":8},"end":{"line":439,"column":22}},"223":{"start":{"line":440,"column":8},"end":{"line":440,"column":32}},"224":{"start":{"line":441,"column":8},"end":{"line":441,"column":15}},"225":{"start":{"line":442,"column":6},"end":{"line":442,"column":14}},"226":{"start":{"line":449,"column":8},"end":{"line":453,"column":9}},"227":{"start":{"line":450,"column":10},"end":{"line":450,"column":24}},"228":{"start":{"line":451,"column":10},"end":{"line":451,"column":26}},"229":{"start":{"line":452,"column":10},"end":{"line":452,"column":18}},"230":{"start":{"line":457,"column":8},"end":{"line":476,"column":9}},"231":{"start":{"line":465,"column":10},"end":{"line":465,"column":55}},"232":{"start":{"line":466,"column":10},"end":{"line":475,"column":11}},"233":{"start":{"line":467,"column":12},"end":{"line":467,"column":34}},"234":{"start":{"line":470,"column":12},"end":{"line":470,"column":45}},"235":{"start":{"line":471,"column":12},"end":{"line":471,"column":67}},"236":{"start":{"line":472,"column":12},"end":{"line":472,"column":40}},"237":{"start":{"line":473,"column":12},"end":{"line":473,"column":27}},"238":{"start":{"line":474,"column":12},"end":{"line":474,"column":20}},"239":{"start":{"line":479,"column":8},"end":{"line":479,"column":23}},"240":{"start":{"line":480,"column":8},"end":{"line":480,"column":23}},"241":{"start":{"line":481,"column":8},"end":{"line":481,"column":15}},"242":{"start":{"line":482,"column":6},"end":{"line":482,"column":14}},"243":{"start":{"line":486,"column":8},"end":{"line":486,"column":24}},"244":{"start":{"line":488,"column":8},"end":{"line":494,"column":9}},"245":{"start":{"line":490,"column":10},"end":{"line":490,"column":26}},"246":{"start":{"line":491,"column":15},"end":{"line":494,"column":9}},"247":{"start":{"line":493,"column":10},"end":{"line":493,"column":20}},"248":{"start":{"line":496,"column":8},"end":{"line":496,"column":15}},"249":{"start":{"line":503,"column":2},"end":{"line":512,"column":3}},"250":{"start":{"line":508,"column":4},"end":{"line":508,"column":39}},"251":{"start":{"line":509,"column":4},"end":{"line":509,"column":33}},"252":{"start":{"line":510,"column":4},"end":{"line":510,"column":51}},"253":{"start":{"line":511,"column":4},"end":{"line":511,"column":32}},"254":{"start":{"line":520,"column":2},"end":{"line":546,"column":3}},"255":{"start":{"line":521,"column":4},"end":{"line":521,"column":52}},"256":{"start":{"line":522,"column":4},"end":{"line":522,"column":38}},"257":{"start":{"line":524,"column":4},"end":{"line":537,"column":6}},"258":{"start":{"line":525,"column":6},"end":{"line":528,"column":7}},"259":{"start":{"line":527,"column":8},"end":{"line":527,"column":17}},"260":{"start":{"line":536,"column":6},"end":{"line":536,"column":31}},"261":{"start":{"line":539,"column":4},"end":{"line":539,"column":52}},"262":{"start":{"line":540,"column":4},"end":{"line":542,"column":22}},"263":{"start":{"line":544,"column":4},"end":{"line":544,"column":19}},"264":{"start":{"line":545,"column":4},"end":{"line":545,"column":51}},"265":{"start":{"line":549,"column":2},"end":{"line":549,"column":18}},"266":{"start":{"line":550,"column":2},"end":{"line":553,"column":3}},"267":{"start":{"line":552,"column":4},"end":{"line":552,"column":16}},"268":{"start":{"line":557,"column":2},"end":{"line":557,"column":29}},"269":{"start":{"line":558,"column":2},"end":{"line":562,"column":3}},"270":{"start":{"line":561,"column":14},"end":{"line":561,"column":36}},"271":{"start":{"line":569,"column":2},"end":{"line":595,"column":3}},"272":{"start":{"line":570,"column":4},"end":{"line":570,"column":29}},"273":{"start":{"line":572,"column":4},"end":{"line":572,"column":42}},"274":{"start":{"line":573,"column":4},"end":{"line":573,"column":52}},"275":{"start":{"line":574,"column":4},"end":{"line":574,"column":49}},"276":{"start":{"line":575,"column":4},"end":{"line":575,"column":36}},"277":{"start":{"line":577,"column":4},"end":{"line":577,"column":21}},"278":{"start":{"line":582,"column":4},"end":{"line":582,"column":57}},"279":{"start":{"line":583,"column":4},"end":{"line":583,"column":28}},"280":{"start":{"line":584,"column":4},"end":{"line":586,"column":5}},"281":{"start":{"line":585,"column":6},"end":{"line":585,"column":53}},"282":{"start":{"line":587,"column":4},"end":{"line":587,"column":24}},"283":{"start":{"line":589,"column":4},"end":{"line":589,"column":19}},"284":{"start":{"line":590,"column":4},"end":{"line":592,"column":5}},"285":{"start":{"line":591,"column":6},"end":{"line":591,"column":18}},"286":{"start":{"line":593,"column":4},"end":{"line":593,"column":62}},"287":{"start":{"line":594,"column":4},"end":{"line":594,"column":14}},"288":{"start":{"line":600,"column":2},"end":{"line":602,"column":3}},"289":{"start":{"line":601,"column":4},"end":{"line":601,"column":21}},"290":{"start":{"line":604,"column":2},"end":{"line":606,"column":3}},"291":{"start":{"line":605,"column":4},"end":{"line":605,"column":26}},"292":{"start":{"line":609,"column":2},"end":{"line":611,"column":3}},"293":{"start":{"line":610,"column":4},"end":{"line":610,"column":25}},"294":{"start":{"line":616,"column":2},"end":{"line":618,"column":3}},"295":{"start":{"line":617,"column":4},"end":{"line":617,"column":32}},"296":{"start":{"line":620,"column":2},"end":{"line":620,"column":39}},"297":{"start":{"line":621,"column":2},"end":{"line":629,"column":3}},"298":{"start":{"line":622,"column":4},"end":{"line":622,"column":50}},"299":{"start":{"line":628,"column":4},"end":{"line":628,"column":27}},"300":{"start":{"line":631,"column":2},"end":{"line":631,"column":24}},"301":{"start":{"line":632,"column
[...]
s[stateChar].close","        })","        // negation is (?:(?!js)[^/]*)","        re += stateChar === '!' ? '(?:(?!(?:' : '(?:'","        this.debug('plType %j %j', stateChar, re)","        stateChar = false","      continue","","      case ')':","        if (inClass || !patternListStack.length) {","          re += '\\\\)'","          continue","        }","","        clearStateChar()","        hasMagic = true","        var pl = patternListStack.pop()","        // negation is (?:(?!js)[^/]*)","        // The others are (?:<pattern>)<type>","        re += pl.close","        if (pl.type === '!') {","          negativeLists.push(pl)","        }","        pl.reEnd = re.length","      continue","","      case '|':","        if (inClass || !patternListStack.length || escaping) {","          re += '\\\\|'","          escaping = false","          continue","        }","","        clearStateChar()","        re += '|'","      continue","","      // these are mostly the same in regexp and glob","      case '[':","        // swallow any state-tracking char before the [","        clearStateChar()","","        if (inClass) {","          re += '\\\\' + c","          continue","        }","","        inClass = true","        classStart = i","        reClassStart = re.length","        re += c","      continue","","      case ']':","        //  a right bracket shall lose its special","        //  meaning and represent itself in","        //  a bracket expression if it occurs","        //  first in the list.  -- POSIX.2 2.8.3.2","        if (i === classStart + 1 || !inClass) {","          re += '\\\\' + c","          escaping = false","          continue","        }","","        // handle the case where we left a class open.","        // \"[z-a]\" is valid, equivalent to \"\\[z-a\\]\"","        if (inClass) {","          // split where the last [ was, make sure we don't have","          // an invalid re. if so, re-walk the contents of the","          // would-be class to re-translate any characters that","          // were passed through as-is","          // TODO: It would probably be faster to determine this","          // without a try/catch and a new RegExp, but it's tricky","          // to do safely.  For now, this is safe and works.","          var cs = pattern.substring(classStart + 1, i)","          try {","            RegExp('[' + cs + ']')","          } catch (er) {","            // not a valid class!","            var sp = this.parse(cs, SUBPARSE)","            re = re.substr(0, reClassStart) + '\\\\[' + sp[0] + '\\\\]'","            hasMagic = hasMagic || sp[1]","            inClass = false","            continue","          }","        }","","        // finish up the class.","        hasMagic = true","        inClass = false","        re += c","      continue","","      default:","        // swallow any state char that wasn't consumed","        clearStateChar()","","        if (escaping) {","          // no need","          escaping = false","        } else if (reSpecials[c]","          && !(c === '^' && inClass)) {","          re += '\\\\'","        }","","        re += c","","    } // switch","  } // for","","  // handle the case where we left a class open.","  // \"[abc\" is valid, equivalent to \"\\[abc\"","  if (inClass) {","    // split where the last [ was, and escape it","    // this is a huge pita.  We now have to re-walk","    // the contents of the would-be class to re-translate","    // any characters that were passed through as-is","    cs = pattern.substr(classStart + 1)","    sp = this.parse(cs, SUBPARSE)","    re = re.substr(0, reClassStart) + '\\\\[' + sp[0]","    hasMagic = hasMagic || sp[1]","  }","","  // handle the case where we had a +( thing at the *end*","  // of the pattern.","  // each pattern list stack adds 3 chars, and we need to go through","  // and escape any | chars that were passed through as-is for the regexp.","  // Go through and escape them, taking care not to double-escape any","  // | chars that were already escaped.","  for (pl = patternListStack.pop(); pl; pl = patternListStack.pop()) {","    var tail = re.slice(pl.reStart + pl.open.length)","    this.debug('setting tail', re, pl)","    // maybe some even number of \\, then maybe 1 \\, followed by a |","    tail = tail.replace(/((?:\\\\{2}){0,64})(\\\\?)\\|/g, function (_, $1, $2) {","      if (!$2) {","        // the | isn't already escaped, so escape it.","        $2 = '\\\\'","      }","","      // need to escape all those slashes *again*, without escaping the","      // one that we need for escaping the | character.  As it works out,","      // escaping an even number of slashes can be done by simply repeating","      // it exactly after itself.  That's why this trick works.","      //","      // I am sorry that you have to see this.","      return $1 + $1 + $2 + '|'","    })","","    this.debug('tail=%j\\n   %s', tail, tail, pl, re)","    var t = pl.type === '*' ? star","      : pl.type === '?' ? qmark","      : '\\\\' + pl.type","","    hasMagic = true","    re = re.slice(0, pl.reStart) + t + '\\\\(' + tail","  }","","  // handle trailing things that only matter at the very end.","  clearStateChar()","  if (escaping) {","    // trailing \\\\","    re += '\\\\\\\\'","  }","","  // only need to apply the nodot start if the re starts with","  // something that could conceivably capture a dot","  var addPatternStart = false","  switch (re.charAt(0)) {","    case '.':","    case '[':","    case '(': addPatternStart = true","  }","","  // Hack to work around lack of negative lookbehind in JS","  // A pattern like: *.!(x).!(y|z) needs to ensure that a name","  // like 'a.xyz.yz' doesn't match.  So, the first negative","  // lookahead, has to look ALL the way ahead, to the end of","  // the pattern.","  for (var n = negativeLists.length - 1; n > -1; n--) {","    var nl = negativeLists[n]","","    var nlBefore = re.slice(0, nl.reStart)","    var nlFirst = re.slice(nl.reStart, nl.reEnd - 8)","    var nlLast = re.slice(nl.reEnd - 8, nl.reEnd)","    var nlAfter = re.slice(nl.reEnd)","","    nlLast += nlAfter","","    // Handle nested stuff like *(*.js|!(*.json)), where open parens","    // mean that we should *not* include the ) in the bit that is considered","    // \"after\" the negated section.","    var openParensBefore = nlBefore.split('(').length - 1","    var cleanAfter = nlAfter","    for (i = 0; i < openParensBefore; i++) {","      cleanAfter = cleanAfter.replace(/\\)[+*?]?/, '')","    }","    nlAfter = cleanAfter","","    var dollar = ''","    if (nlAfter === '' && isSub !== SUBPARSE) {","      dollar = '$'","    }","    var newRe = nlBefore + nlFirst + nlAfter + dollar + nlLast","    re = newRe","  }","","  // if the re is not \"\" at this point, then we need to make sure","  // it doesn't match against an empty path part.","  // Otherwise a/* will match a/, which it should not.","  if (re !== '' && hasMagic) {","    re = '(?=.)' + re","  }","","  if (addPatternStart) {","    re = patternStart + re","  }","","  // parsing just a piece of a larger pattern.","  if (isSub === SUBPARSE) {","    return [re, hasMagic]","  }","","  // skip the regexp for non-magical patterns","  // unescape anything in it, though, so that it'll be","  // an exact match against a file etc.","  if (!hasMagic) {","    return globUnescape(pattern)","  }","","  var flags = options.nocase ? 'i' : ''","  try {","    var regExp = new RegExp('^' + re + '$', flags)","  } catch (er) {","    // If it was an invalid regular expression, then it can't match","    // anything.  This trick looks for a character after the end of","    // the string, which is of course impossible, except in multi-line","    // mode, but it's not a /m regex.","    return new RegExp('$.')","  }","","  regExp._glob = pattern","  regExp._src = re","","  return regExp","}","","minimatch.makeRe = function (pattern, options) {","  return new Minimatch(pattern, options || {}).makeRe()","}","","Minimatch.prototype.makeRe = makeRe","function makeRe () {","  if (this.regexp || this.regexp === false) return this.regexp","","  // at this point, this.set is a 2d array of partial","  // pattern strings, or \"**\".","  //","  // It's better to use .match().  This function shouldn't","  // be used, really, but it's pretty convenient sometimes,","  // when you just want to work with a regex.","  var set = this.set","","  if (!set.length) {","    this.regexp = false","    return this.regexp","  }","  var options = this.options","","  var twoStar = options.noglobstar ? star","    : options.dot ? twoStarDot","    : twoStarNoDot","  var flags = options.nocase ? 'i' : ''","","  var re = set.map(function (pattern) {","    return pattern.map(function (p) {","      return (p === GLOBSTAR) ? twoStar","      : (typeof p === 'string') ? regExpEscape(p)","      : p._src","    }).join('\\\\\\/')","  }).join('|')","","  // must match entire pattern","  // ending in a * or ** will make it less strict.","  re = '^(?:' + re + ')$'","","  // can match anything, as long as it's not this.","  if (this.negate) re = '^(?!' + re + ').*$'","","  try {","    this.regexp = new RegExp(re, flags)","  } catch (ex) {","    this.regexp = false","  }","  return this.regexp","}","","minimatch.match = function (list, pattern, options) {","  options = options || {}","  var mm = new Minimatch(pattern, options)","  list = list.filter(function (f) {","    return mm.match(f)","  })","  if (mm.options.nonull && !list.length) {","    list.push(pattern)","  }","  return list","}","","Minimatch.prototype.match = match","function match (f, partial) {","  this.debug('match', f, this.pattern)","  // short-circuit in the case of busted things.","  // comments, etc.","  if (this.comment) return false","  if (this.empty) return f === ''","","  if (f === '/' && partial) return true","","  var options = this.options","","  // windows: need to use /, not \\","  if (path.sep !== '/') {","    f = f.split(path.sep).join('/')","  }","","  // treat the test path as a set of pathparts.","  f = f.split(slashSplit)","  this.debug(this.pattern, 'split', f)","","  // just ONE of the pattern sets in this.set needs to match","  // in order for it to be valid.  If negating, then just one","  // match means that we have failed.","  // Either way, return on the first hit.","","  var set = this.set","  this.debug(this.pattern, 'set', set)","","  // Find the basename of the path by looking for the last non-empty segment","  var filename","  var i","  for (i = f.length - 1; i >= 0; i--) {","    filename = f[i]","    if (filename) break","  }","","  for (i = 0; i < set.length; i++) {","    var pattern = set[i]","    var file = f","    if (options.matchBase && pattern.length === 1) {","      file = [filename]","    }","    var hit = this.matchOne(file, pattern, partial)","    if (hit) {","      if (options.flipNegate) return true","      return !this.negate","    }","  }","","  // didn't get any hits.  this is success if it's a negative","  // pattern, failure otherwise.","  if (options.flipNegate) return false","  return this.negate","}","","// set partial to true to test if, for example,","// \"/a/b\" matches the start of \"/*/b/*/d\"","// Partial means, if you run out of file before you run","// out of pattern, then that's fine, as long as all","// the parts match.","Minimatch.prototype.matchOne = function (file, pattern, partial) {","  var options = this.options","","  this.debug('matchOne',","    { 'this': this, file: file, pattern: pattern })","","  this.debug('matchOne', file.length, pattern.length)","","  for (var fi = 0,","      pi = 0,","      fl = file.length,","      pl = pattern.length","      ; (fi < fl) && (pi < pl)","      ; fi++, pi++) {","    this.debug('matchOne loop')","    var p = pattern[pi]","    var f = file[fi]","","    this.debug(pattern, p, f)","","    // should be impossible.","    // some invalid regexp stuff in the set.","    if (p === false) return false","","    if (p === GLOBSTAR) {","      this.debug('GLOBSTAR', [pattern, p, f])","","      // \"**\"","      // a/**/b/**/c would match the following:","      // a/b/x/y/z/c","      // a/x/y/z/b/c","      // a/b/x/b/x/c","      // a/b/c","      // To do this, take the rest of the pattern after","      // the **, and see if it would match the file remainder.","      // If so, return success.","      // If not, the ** \"swallows\" a segment, and try again.","      // This is recursively awful.","      //","      // a/**/b/**/c matching a/b/x/y/z/c","      // - a matches a","      // - doublestar","      //   - matchOne(b/x/y/z/c, b/**/c)","      //     - b matches b","      //     - doublestar","      //       - matchOne(x/y/z/c, c) -> no","      //       - matchOne(y/z/c, c) -> no","      //       - matchOne(z/c, c) -> no","      //       - matchOne(c, c) yes, hit","      var fr = fi","      var pr = pi + 1","      if (pr === pl) {","        this.debug('** at the end')","        // a ** at the end will just swallow the rest.","        // We have found a match.","        // however, it will not swallow /.x, unless","        // options.dot is set.","        // . and .. are *never* matched by **, for explosively","        // exponential reasons.","        for (; fi < fl; fi++) {","          if (file[fi] === '.' || file[fi] === '..' ||","            (!options.dot && file[fi].charAt(0) === '.')) return false","        }","        return true","      }","","      // ok, let's see if we can swallow whatever we can.","      while (fr < fl) {","        var swallowee = file[fr]","","        this.debug('\\nglobstar while', file, fr, pattern, pr, swallowee)","","        // XXX remove this slice.  Just pass the start index.","        if (this.matchOne(file.slice(fr), pattern.slice(pr), partial)) {","          this.debug('globstar found match!', fr, fl, swallowee)","          // found a match.","          return true","        } else {","          // can't swallow \".\" or \"..\" ever.","          // can only swallow \".foo\" when explicitly asked.","          if (swallowee === '.' || swallowee === '..' ||","            (!options.dot && swallowee.charAt(0) === '.')) {","            this.debug('dot detected!', file, fr, pattern, pr)","            break","          }","","          // ** swallows a segment, and continue.","          this.debug('globstar swallow a segment, and continue')","          fr++","        }","      }","","      // no match was found.","      // However, in partial mode, we can't say this is necessarily over.","      // If there's more *pattern* left, then","      if (partial) {","        // ran out of file","        this.debug('\\n>>> no match, partial?', file, fr, pattern, pr)","        if (fr === fl) return true","      }","      return false","    }","","    // something other than **","    // non-magic patterns just have to match exactly","    // patterns with magic have been turned into regexps.","    var hit","    if (typeof p === 'string') {","      if (options.nocase) {","        hit = f.toLowerCase() === p.toLowerCase()","      } else {","        hit = f === p","      }","      this.debug('string match', p, f, hit)","    } else {","      hit = f.match(p)","      this.debug('pattern match', p, f, hit)","    }","","    if (!hit) return false","  }","","  // Note: ending in / means that we'll get a final \"\"","  // at the end of the pattern.  This can only match a","  // corresponding \"\" at the end of the file.","  // If the file ends in /, then it can only match a","  // a pattern that ends in /, unless the pattern just","  // doesn't have any more for it. But, a/b/ should *not*","  // match \"a/b/*\", even though \"\" matches against the","  // [^/]*? pattern, except in partial mode, where it might","  // simply not be reached yet.","  // However, a/b/ should still satisfy a/*","","  // now either we fell off the end of the pattern, or we're done.","  if (fi === fl && pi === pl) {","    // ran out of pattern and filename at the same time.","    // an exact hit!","    return true","  } else if (fi === fl) {","    // ran out of file, but still had pattern left.","    // this is ok if we're doing the match as part of","    // a glob fs traversal.","    return partial","  } else if (pi === pl) {","    // ran out of pattern, still have file left.","    // this is only acceptable if we're on the very last","    // empty segment of a file with a trailing slash.","    // a/* should match a/b/","    var emptyFileEnd = (fi === fl - 1) && (file[fi] === '')","    return emptyFileEnd","  }","","  // should be unreachable.","  throw new Error('wtf?')","}","","// replace stuff like \\* with *","function globUnescape (s) {","  return s.replace(/\\\\(.)/g, '$1')","}","","function regExpEscape (s) {","  return s.replace(/[-[\\]{}()*+?.,\\\\^$|#\\s]/g, '\\\\$&')","}",""],"l":{"1":1,"2":1,"4":1,"5":1,"6":1,"9":1,"10":1,"12":1,"22":1,"25":1,"30":1,"34":1,"37":1,"40":1,"41":1,"42":14,"43":14,"48":1,"50":1,"51":1,"52":0,"53":0,"54":0,"58":1,"59":0,"60":0,"61":0,"62":0,"63":0,"65":0,"66":0,"68":0,"71":1,"72":0,"74":0,"76":0,"77":0,"80":0,"81":0,"84":0,"87":1,"88":0,"89":0,"92":1,"93":0,"94":0,"97":0,"100":0,"101":0,"105":0,"107":0,"110":1,"111":0,"112":0,"115":0,"116":0,"119":0,"120":0,"123":0,"124":0,"127":0,"128":0,"129":0,"130":0,"131":0,"132":0,"133":0,"136":0,"139":1,"141":1,"142":1,"144":0,"146":0,"147":0,"150":0,"151":0,"152":0,"154":0,"155":0,"156":0,"160":0,"163":0,"165":0,"167":0,"174":0,"175":0,"178":0,"181":0,"182":0,"185":0,"188":0,"189":0,"192":0,"194":0,"197":1,"198":1,"199":0,"200":0,"201":0,"202":0,"204":0,"206":0,"209":0,"210":0,"213":0,"214":0,"227":1,"228":0,"231":1,"233":1,"234":0,"235":0,"236":0,"238":0,"242":0,"245":0,"246":0,"249":0,"252":0,"255":0,"269":1,"270":1,"271":1,"272":0,"273":0,"276":0,"279":0,"280":0,"282":0,"283":0,"284":0,"286":0,"287":0,"288":0,"289":0,"290":0,"291":0,"294":0,"298":0,"300":1,"301":0,"304":0,"306":0,"307":0,"308":0,"310":0,"311":0,"312":0,"314":0,"315":0,"317":0,"318":0,"322":0,"325":0,"328":0,"329":0,"330":0,"331":0,"334":0,"338":0,"341":0,"342":0,"343":0,"352":0,"356":0,"357":0,"358":0,"359":0,"360":0,"366":0,"367":0,"368":0,"372":0,"373":0,"376":0,"377":0,"378":0,"381":0,"382":0,"383":0,"386":0,"394":0,"395":0,"396":0,"397":0,"400":0,"401":0,"402":0,"405":0,"406":0,"407":0,"410":0,"411":0,"412":0,"414":0,"415":0,"418":0,"419":0,"420":0,"421":0,"424":0,"425":0,"426":0,"431":0,"433":0,"434":0,"435":0,"438":0,"439":0,"440":0,"441":0,"442":0,"449":0,"450":0,"451":0,"452":0,"457":0,"465":0,"466":0,"467":0,"470":0,"471":0,"472":0,"473":0,"474":0,"479":0,"480":0,"481":0,"482":0,"486":0,"488":0,"490":0,"491":0,"493":0,"496":0,"503":0,"508":0,"509":0,"510":0,"511":0,"520":0,"521":0,"522":0,"524":0,"525":0,"527":0,"536":0,"539":0,"540":0,"544":0,"545":0,"549":0,"550":0,"552":0,"557":0,"558":0,"561":0,"569":0,"570":0,"572":0,"573":0,"574":0,"575":0,"577":0,"582":0,"583":0,"584":0,"585":0,"587":0,"589":0,"590":0,"591":0,"593":0,"594":0,"600":0,"601":0,"604":0,"605":0,"609":0,"610":0,"616":0,"617":0,"620":0,"621":0,"622":0,"628":0,"631":0,"632":0,"634":0,"637":1,"638":0,"641":1,"642":1,"643":0,"651":0,"653":0,"654":0,"655":0,"657":0,"659":0,"662":0,"664":0,"665":0,"666":0,"674":0,"677":0,"679":0,"680":0,"682":0,"684":0,"687":1,"688":0,"689":0,"690":0,"691":0,"693":0,"694":0,"696":0,"699":1,"700":1,"701":0,"704":0,"705":0,"707":0,"709":0,"712":0,"713":0,"717":0,"718":0,"725":0,"726":0,"729":0,"730":0,"731":0,"732":0,"733":0,"736":0,"737":0,"738":0,"739":0,"740":0,"742":0,"743":0,"744":0,"745":0,"751":0,"752":0,"760":1,"761":0,"763":0,"766":0,"768":0,"774":0,"775":0,"776":0,"778":0,"782":0,"784":0,"785":0,"809":0,"810":0,"811":0,"812":0,"819":0,"820":0,"821":0,"823":0,"827":0,"828":0,"830":0,"833":0,"834":0,"836":0,"840":0,"842":0,"843":0,"847":0,"848":0,"855":0,"857":0,"858":0,"860":0,"866":0,"867":0,"868":0,"869":0,"871":0,"873":0,"875":0,"876":0,"879":0,"894":0,"897":0,"898":0,"902":0,"903":0,"908":0,"909":0,"913":0,"917":1,"918":0,"921":1,"922":0}}}